<?xml version="1.0" encoding="UTF-8" ?>
<testsuite tests="1" failures="0" name="cn.cstqb.exam.testmaker.actions.projects.ExportProjectActionTest" time="0.291" errors="1" skipped="0">
  <properties>
[...]
</properties>
  <testcase classname="cn.cstqb.exam.testmaker.actions.projects.ExportProjectActionTest" name="testExecute" time="0.291">
    <error type="java.lang.NullPointerException">java.lang.NullPointerException
	at cn.cstqb.exam.testmaker.actions.BaseAction.getLoggedInUser(BaseAction.java:125)
	at cn.cstqb.exam.testmaker.actions.projects.ExportProjectAction.validateInput(ExportProjectAction.java:64)
	at cn.cstqb.exam.testmaker.actions.BaseAction.execute(BaseAction.java:90)
	at cn.cstqb.exam.testmaker.actions.projects.ExportProjectActionTest.testExecute(ExportProjectActionTest.java:30)
	at java.base/jdk.internal.reflect.NativeMethodAccessorImpl.invoke0(Native Method)
	at java.base/jdk.internal.reflect.NativeMethodAccessorImpl.invoke(NativeMethodAccessorImpl.java:62)
	at java.base/jdk.internal.reflect.DelegatingMethodAccessorImpl.invoke(DelegatingMethodAccessorImpl.java:43)
	at java.base/java.lang.reflect.Method.invoke(Method.java:567)
	at org.junit.runners.model.FrameworkMethod$1.runReflectiveCall(FrameworkMethod.java:50)
	at org.junit.internal.runners.model.ReflectiveCallable.run(ReflectiveCallable.java:12)
	at org.junit.runners.model.FrameworkMethod.invokeExplosively(FrameworkMethod.java:47)
	at org.junit.internal.runners.statements.InvokeMethod.evaluate(InvokeMethod.java:17)
	at org.junit.internal.runners.statements.RunBefores.evaluate(RunBefores.java:26)
	at org.junit.internal.runners.statements.RunAfters.evaluate(RunAfters.java:27)
	at org.junit.runners.ParentRunner.runLeaf(ParentRunner.java:325)
	at org.junit.runners.BlockJUnit4ClassRunner.runChild(BlockJUnit4ClassRunner.java:78)
	at org.junit.runners.BlockJUnit4ClassRunner.runChild(BlockJUnit4ClassRunner.java:57)
	at org.junit.runners.ParentRunner$3.run(ParentRunner.java:290)
	at org.junit.runners.ParentRunner$1.schedule(ParentRunner.java:71)
	at org.junit.runners.ParentRunner.runChildren(ParentRunner.java:288)
	at org.junit.runners.ParentRunner.access$000(ParentRunner.java:58)
	at org.junit.runners.ParentRunner$2.evaluate(ParentRunner.java:268)
	at org.junit.rules.ExternalResource$1.evaluate(ExternalResource.java:48)
	at org.junit.rules.RunRules.evaluate(RunRules.java:20)
	at org.junit.runners.ParentRunner.run(ParentRunner.java:363)
	at org.apache.maven.surefire.junit4.JUnit4Provider.execute(JUnit4Provider.java:252)
	at org.apache.maven.surefire.junit4.JUnit4Provider.executeTestSet(JUnit4Provider.java:141)
	at org.apache.maven.surefire.junit4.JUnit4Provider.invoke(JUnit4Provider.java:112)
	at java.base/jdk.internal.reflect.NativeMethodAccessorImpl.invoke0(Native Method)
	at java.base/jdk.internal.reflect.NativeMethodAccessorImpl.invoke(NativeMethodAccessorImpl.java:62)
	at java.base/jdk.internal.reflect.DelegatingMethodAccessorImpl.invoke(DelegatingMethodAccessorImpl.java:43)
	at java.base/java.lang.reflect.Method.invoke(Method.java:567)
	at org.apache.maven.surefire.util.ReflectionUtils.invokeMethodWithArray(ReflectionUtils.java:189)
	at org.apache.maven.surefire.booter.ProviderFactory$ProviderProxy.invoke(ProviderFactory.java:165)
	at org.apache.maven.surefire.booter.ProviderFactory.invokeProvider(ProviderFactory.java:85)
	at org.apache.maven.surefire.booter.ForkedBooter.runSuitesInProcess(ForkedBooter.java:115)
	at org.apache.maven.surefire.booter.ForkedBooter.main(ForkedBooter.java:75)
</error>
    <system-out>18:19:15,088 |-INFO in ch.qos.logback.classic.LoggerContext[default] - Could NOT find resource [logback.groovy]
18:19:15,088 |-INFO in ch.qos.logback.classic.LoggerContext[default] - Found resource [logback-test.xml] at [file:/D:/time/test-maker-group1/test-maker/target/test-classes/logback-test.xml]
18:19:15,222 |-INFO in ch.qos.logback.core.joran.action.AppenderAction - About to instantiate appender of type [ch.qos.logback.core.ConsoleAppender]
18:19:15,225 |-INFO in ch.qos.logback.core.joran.action.AppenderAction - Naming appender as [STDOUT]
18:19:15,246 |-INFO in ch.qos.logback.core.joran.action.NestedComplexPropertyIA - Assuming default type [ch.qos.logback.classic.encoder.PatternLayoutEncoder] for [encoder] property
18:19:15,287 |-INFO in ch.qos.logback.core.joran.action.AppenderAction - About to instantiate appender of type [ch.qos.logback.core.FileAppender]
18:19:15,289 |-INFO in ch.qos.logback.core.joran.action.AppenderAction - Naming appender as [FILE]
18:19:15,292 |-INFO in ch.qos.logback.core.joran.action.NestedComplexPropertyIA - Assuming default type [ch.qos.logback.classic.encoder.PatternLayoutEncoder] for [encoder] property
18:19:15,293 |-INFO in ch.qos.logback.core.FileAppender[FILE] - File property is set to [C:\Users\wangs\CSTQB-test-maker-debug.log]
18:19:15,296 |-INFO in ch.qos.logback.classic.joran.action.LoggerAction - Setting level of logger [org.hibernate.loader] to INFO
18:19:15,296 |-INFO in ch.qos.logback.classic.joran.action.RootLoggerAction - Setting level of ROOT logger to DEBUG
18:19:15,297 |-INFO in ch.qos.logback.core.joran.action.AppenderRefAction - Attaching appender named [STDOUT] to Logger[ROOT]
18:19:15,298 |-INFO in ch.qos.logback.core.joran.action.AppenderRefAction - Attaching appender named [FILE] to Logger[ROOT]
18:19:15,298 |-INFO in ch.qos.logback.classic.joran.action.ConfigurationAction - End of configuration.
18:19:15,299 |-INFO in ch.qos.logback.classic.joran.JoranConfigurator@2ea227af - Registering current configuration as safe fallback point
18:19:16.470 [main] DEBUG c.c.e.t.c.ApplicationConfigContext - Custom configuration origin: null
18:19:16.874 [main] DEBUG c.c.e.t.configuration.AppInjector - Created new cn.cstqb.exam.testmaker.configuration.AppInjector instance. UUID=[63ea8226-f84b-4e7e-938d-426ccee5590d]...
18:19:16.896 [main] DEBUG org.jboss.logging - Logging Provider: org.jboss.logging.Slf4jLoggerProvider
18:19:16.923 [main] WARN  o.hibernate.ejb.HibernatePersistence - HHH015016: Encountered a deprecated javax.persistence.spi.PersistenceProvider [org.hibernate.ejb.HibernatePersistence]; use [org.hibernate.jpa.HibernatePersistenceProvider] instead.
18:19:16.924 [main] WARN  o.hibernate.ejb.HibernatePersistence - HHH015016: Encountered a deprecated javax.persistence.spi.PersistenceProvider [org.hibernate.ejb.HibernatePersistence]; use [org.hibernate.jpa.HibernatePersistenceProvider] instead.
18:19:16.924 [main] WARN  o.hibernate.ejb.HibernatePersistence - HHH015016: Encountered a deprecated javax.persistence.spi.PersistenceProvider [org.hibernate.ejb.HibernatePersistence]; use [org.hibernate.jpa.HibernatePersistenceProvider] instead.
18:19:16.930 [main] DEBUG o.h.b.r.c.i.ClassLoaderServiceImpl - Incoming config yielded no classloaders; adding standard SE ones
18:19:17.020 [main] DEBUG o.h.jpa.HibernatePersistenceProvider - Located and parsed 1 persistence units; checking each
18:19:17.021 [main] DEBUG o.h.jpa.HibernatePersistenceProvider - Checking persistence-unit [name=test-maker, explicit-provider=org.hibernate.jpa.HibernatePersistenceProvider] against incoming persistence unit name [test-maker]
18:19:17.022 [main] DEBUG o.h.jpa.boot.spi.ProviderChecker - Persistence-unit [test-maker] requested PersistenceProvider [org.hibernate.jpa.HibernatePersistenceProvider]
18:19:17.034 [main] DEBUG o.h.jpa.internal.util.LogHelper - PersistenceUnitInfo [
	name: test-maker
	persistence provider classname: org.hibernate.jpa.HibernatePersistenceProvider
	classloader: null
	excludeUnlistedClasses: false
	JTA datasource: null
	Non JTA datasource: null
	Transaction type: RESOURCE_LOCAL
	PU root URL: file:/D:/time/test-maker-group1/test-maker/target/classes/
	Shared Cache Mode: NONE
	Validation Mode: null
	Jar files URLs []
	Managed classes names [
		cn.cstqb.exam.testmaker.entities.PaperEntity
		cn.cstqb.exam.testmaker.entities.PaperQuestionEntity
		cn.cstqb.exam.testmaker.entities.QuestionEntity]
	Mapping files names []
	Properties [
		javax.persistence.jdbc.url: jdbc:mysql://localhost:3306/testmaker
		javax.persistence.jdbc.password: 
		hibernate.c3p0.idle_test_period: 120
		hibernate.cache.use_second_level_cache: false
		hibernate.show_sql: true
		hibernate.c3p0.validate: true
		org.hibernate.flushMode: COMMIT
		hibernate.c3p0.timeout: 600
		eclipselink.jdbc.url: jdbc:mysql://localhost:3306/testmaker?serverTimezone=UTC
		hibernate.hbm2ddl.auto: update
		hibernate.c3p0.maxIdleTimeExcessConnections: 20
		hibernate.ejb.naming_strategy: org.hibernate.cfg.ImprovedNamingStrategy
		toplink.jdbc.url: jdbc:mysql://localhost:3306/testmaker?serverTimezone=UTC
		hibernate.format_sql: true
		hibernate.enable_lazy_load_no_trans: true
		javax.persistence.jdbc.user: root
		openjpa.ConnectionURL: jdbc:mysql://localhost:3306/testmaker?serverTimezone=UTC
		javax.persistence.jdbc.driver: com.mysql.jdbc.Driver
		toplink.jdbc.driver: com.mysql.cj.jdbc.Driver
		hibernate.connection.driver_class: com.mysql.cj.jdbc.Driver
		connection.provider_class: org.hibernate.connection.C3P0ConnectionProvider
		eclipselink.jdbc.driver: com.mysql.cj.jdbc.Driver
		hibernate.c3p0.automaticTestTable: _conTestTable
		hibernate.dialect: org.hibernate.dialect.MySQL5InnoDBDialect
		hibernate.connection.url: jdbc:mysql://localhost:3306/testmaker?serverTimezone=UTC
		openjpa.ConnectionDriverName: com.mysql.cj.jdbc.Driver]
18:19:17.051 [main] DEBUG o.h.i.internal.IntegratorServiceImpl - Adding Integrator [org.hibernate.cfg.beanvalidation.BeanValidationIntegrator].
18:19:17.053 [main] DEBUG o.h.i.internal.IntegratorServiceImpl - Adding Integrator [org.hibernate.secure.spi.JaccIntegrator].
18:19:17.056 [main] DEBUG o.h.i.internal.IntegratorServiceImpl - Adding Integrator [org.hibernate.cache.internal.CollectionCacheInvalidator].
18:19:17.056 [main] DEBUG o.h.i.internal.IntegratorServiceImpl - Adding Integrator [org.hibernate.jpa.event.spi.JpaIntegrator].
18:19:17.077 [main] DEBUG o.h.b.r.s.i.StrategySelectorImpl - Registering named strategy selector [org.hibernate.dialect.Dialect] : [MySQL5] -&gt; [org.hibernate.dialect.MySQL5Dialect] (replacing [org.hibernate.dialect.MySQL5Dialect])
18:19:17.078 [main] DEBUG o.h.b.r.s.i.StrategySelectorImpl - Registering named strategy selector [org.hibernate.dialect.Dialect] : [MySQL5InnoDB] -&gt; [org.hibernate.dialect.MySQL5InnoDBDialect] (replacing [org.hibernate.dialect.MySQL5InnoDBDialect])
18:19:17.125 [main] INFO  org.hibernate.Version - HHH000412: Hibernate Core {4.3.7.Final}
18:19:17.127 [main] INFO  org.hibernate.cfg.Environment - HHH000206: hibernate.properties not found
18:19:17.129 [main] INFO  org.hibernate.cfg.Environment - HHH000021: Bytecode provider name : javassist
18:19:17.340 [main] DEBUG o.h.j.b.i.EntityManagerFactoryBuilderImpl - Unable to resolve class [cn.cstqb.exam.testmaker.entities.PaperEntity] named in persistence unit [test-maker]
18:19:17.341 [main] DEBUG o.h.j.b.i.EntityManagerFactoryBuilderImpl - Unable to resolve class [cn.cstqb.exam.testmaker.entities.PaperQuestionEntity] named in persistence unit [test-maker]
18:19:17.343 [main] DEBUG o.h.j.b.i.EntityManagerFactoryBuilderImpl - Unable to resolve class [cn.cstqb.exam.testmaker.entities.QuestionEntity] named in persistence unit [test-maker]
18:19:17.392 [main] DEBUG o.h.service.spi.ServiceBinding - Overriding existing service binding [org.hibernate.secure.spi.JaccService]
18:19:17.421 [main] DEBUG org.hibernate.type.BasicTypeRegistry - Adding type registration boolean -&gt; org.hibernate.type.BooleanType@610db97e
18:19:17.422 [main] DEBUG org.hibernate.type.BasicTypeRegistry - Adding type registration boolean -&gt; org.hibernate.type.BooleanType@610db97e
18:19:17.422 [main] DEBUG org.hibernate.type.BasicTypeRegistry - Adding type registration java.lang.Boolean -&gt; org.hibernate.type.BooleanType@610db97e
18:19:17.423 [main] DEBUG org.hibernate.type.BasicTypeRegistry - Adding type registration numeric_boolean -&gt; org.hibernate.type.NumericBooleanType@7bd69e82
18:19:17.424 [main] DEBUG org.hibernate.type.BasicTypeRegistry - Adding type registration true_false -&gt; org.hibernate.type.TrueFalseType@1a38ba58
18:19:17.425 [main] DEBUG org.hibernate.type.BasicTypeRegistry - Adding type registration yes_no -&gt; org.hibernate.type.YesNoType@1deb2c43
18:19:17.427 [main] DEBUG org.hibernate.type.BasicTypeRegistry - Adding type registration byte -&gt; org.hibernate.type.ByteType@6754ef00
18:19:17.427 [main] DEBUG org.hibernate.type.BasicTypeRegistry - Adding type registration byte -&gt; org.hibernate.type.ByteType@6754ef00
18:19:17.427 [main] DEBUG org.hibernate.type.BasicTypeRegistry - Adding type registration java.lang.Byte -&gt; org.hibernate.type.ByteType@6754ef00
18:19:17.428 [main] DEBUG org.hibernate.type.BasicTypeRegistry - Adding type registration character -&gt; org.hibernate.type.CharacterType@24b52d3e
18:19:17.428 [main] DEBUG org.hibernate.type.BasicTypeRegistry - Adding type registration char -&gt; org.hibernate.type.CharacterType@24b52d3e
18:19:17.429 [main] DEBUG org.hibernate.type.BasicTypeRegistry - Adding type registration java.lang.Character -&gt; org.hibernate.type.CharacterType@24b52d3e
18:19:17.431 [main] DEBUG org.hibernate.type.BasicTypeRegistry - Adding type registration short -&gt; org.hibernate.type.ShortType@33aa93c
18:19:17.431 [main] DEBUG org.hibernate.type.BasicTypeRegistry - Adding type registration short -&gt; org.hibernate.type.ShortType@33aa93c
18:19:17.431 [main] DEBUG org.hibernate.type.BasicTypeRegistry - Adding type registration java.lang.Short -&gt; org.hibernate.type.ShortType@33aa93c
18:19:17.432 [main] DEBUG org.hibernate.type.BasicTypeRegistry - Adding type registration integer -&gt; org.hibernate.type.IntegerType@2c282004
18:19:17.433 [main] DEBUG org.hibernate.type.BasicTypeRegistry - Adding type registration int -&gt; org.hibernate.type.IntegerType@2c282004
18:19:17.433 [main] DEBUG org.hibernate.type.BasicTypeRegistry - Adding type registration java.lang.Integer -&gt; org.hibernate.type.IntegerType@2c282004
18:19:17.435 [main] DEBUG org.hibernate.type.BasicTypeRegistry - Adding type registration long -&gt; org.hibernate.type.LongType@1968a49c
18:19:17.435 [main] DEBUG org.hibernate.type.BasicTypeRegistry - Adding type registration long -&gt; org.hibernate.type.LongType@1968a49c
18:19:17.435 [main] DEBUG org.hibernate.type.BasicTypeRegistry - Adding type registration java.lang.Long -&gt; org.hibernate.type.LongType@1968a49c
18:19:17.438 [main] DEBUG org.hibernate.type.BasicTypeRegistry - Adding type registration float -&gt; org.hibernate.type.FloatType@e041f0c
18:19:17.438 [main] DEBUG org.hibernate.type.BasicTypeRegistry - Adding type registration float -&gt; org.hibernate.type.FloatType@e041f0c
18:19:17.438 [main] DEBUG org.hibernate.type.BasicTypeRegistry - Adding type registration java.lang.Float -&gt; org.hibernate.type.FloatType@e041f0c
18:19:17.440 [main] DEBUG org.hibernate.type.BasicTypeRegistry - Adding type registration double -&gt; org.hibernate.type.DoubleType@437e951d
18:19:17.440 [main] DEBUG org.hibernate.type.BasicTypeRegistry - Adding type registration double -&gt; org.hibernate.type.DoubleType@437e951d
18:19:17.440 [main] DEBUG org.hibernate.type.BasicTypeRegistry - Adding type registration java.lang.Double -&gt; org.hibernate.type.DoubleType@437e951d
18:19:17.442 [main] DEBUG org.hibernate.type.BasicTypeRegistry - Adding type registration big_decimal -&gt; org.hibernate.type.BigDecimalType@7b02e036
18:19:17.442 [main] DEBUG org.hibernate.type.BasicTypeRegistry - Adding type registration java.math.BigDecimal -&gt; org.hibernate.type.BigDecimalType@7b02e036
18:19:17.444 [main] DEBUG org.hibernate.type.BasicTypeRegistry - Adding type registration big_integer -&gt; org.hibernate.type.BigIntegerType@df5f5c0
18:19:17.444 [main] DEBUG org.hibernate.type.BasicTypeRegistry - Adding type registration java.math.BigInteger -&gt; org.hibernate.type.BigIntegerType@df5f5c0
18:19:17.445 [main] DEBUG org.hibernate.type.BasicTypeRegistry - Adding type registration string -&gt; org.hibernate.type.StringType@3b65e559
18:19:17.445 [main] DEBUG org.hibernate.type.BasicTypeRegistry - Adding type registration java.lang.String -&gt; org.hibernate.type.StringType@3b65e559
18:19:17.446 [main] DEBUG org.hibernate.type.BasicTypeRegistry - Adding type registration nstring -&gt; org.hibernate.type.StringNVarcharType@214894fc
18:19:17.448 [main] DEBUG org.hibernate.type.BasicTypeRegistry - Adding type registration ncharacter -&gt; org.hibernate.type.CharacterNCharType@e27ba81
18:19:17.449 [main] DEBUG org.hibernate.type.BasicTypeRegistry - Adding type registration url -&gt; org.hibernate.type.UrlType@5a12c728
18:19:17.449 [main] DEBUG org.hibernate.type.BasicTypeRegistry - Adding type registration java.net.URL -&gt; org.hibernate.type.UrlType@5a12c728
18:19:17.451 [main] DEBUG org.hibernate.type.BasicTypeRegistry - Adding type registration date -&gt; org.hibernate.type.DateType@57dc9128
18:19:17.451 [main] DEBUG org.hibernate.type.BasicTypeRegistry - Adding type registration java.sql.Date -&gt; org.hibernate.type.DateType@57dc9128
18:19:17.453 [main] DEBUG org.hibernate.type.BasicTypeRegistry - Adding type registration time -&gt; org.hibernate.type.TimeType@2e27d72f
18:19:17.453 [main] DEBUG org.hibernate.type.BasicTypeRegistry - Adding type registration java.sql.Time -&gt; org.hibernate.type.TimeType@2e27d72f
18:19:17.455 [main] DEBUG org.hibernate.type.BasicTypeRegistry - Adding type registration timestamp -&gt; org.hibernate.type.TimestampType@46292372
18:19:17.455 [main] DEBUG org.hibernate.type.BasicTypeRegistry - Adding type registration java.sql.Timestamp -&gt; org.hibernate.type.TimestampType@46292372
18:19:17.455 [main] DEBUG org.hibernate.type.BasicTypeRegistry - Adding type registration java.util.Date -&gt; org.hibernate.type.TimestampType@46292372
18:19:17.457 [main] DEBUG org.hibernate.type.BasicTypeRegistry - Adding type registration dbtimestamp -&gt; org.hibernate.type.DbTimestampType@530a8454
18:19:17.458 [main] DEBUG org.hibernate.type.BasicTypeRegistry - Adding type registration calendar -&gt; org.hibernate.type.CalendarType@282308c3
18:19:17.458 [main] DEBUG org.hibernate.type.BasicTypeRegistry - Adding type registration java.util.Calendar -&gt; org.hibernate.type.CalendarType@282308c3
18:19:17.458 [main] DEBUG org.hibernate.type.BasicTypeRegistry - Adding type registration java.util.GregorianCalendar -&gt; org.hibernate.type.CalendarType@282308c3
18:19:17.460 [main] DEBUG org.hibernate.type.BasicTypeRegistry - Adding type registration calendar_date -&gt; org.hibernate.type.CalendarDateType@3b4ef7
18:19:17.462 [main] DEBUG org.hibernate.type.BasicTypeRegistry - Adding type registration locale -&gt; org.hibernate.type.LocaleType@4fdf8f12
18:19:17.462 [main] DEBUG org.hibernate.type.BasicTypeRegistry - Adding type registration java.util.Locale -&gt; org.hibernate.type.LocaleType@4fdf8f12
18:19:17.463 [main] DEBUG org.hibernate.type.BasicTypeRegistry - Adding type registration currency -&gt; org.hibernate.type.CurrencyType@27f0ad19
18:19:17.463 [main] DEBUG org.hibernate.type.BasicTypeRegistry - Adding type registration java.util.Currency -&gt; org.hibernate.type.CurrencyType@27f0ad19
18:19:17.465 [main] DEBUG org.hibernate.type.BasicTypeRegistry - Adding type registration timezone -&gt; org.hibernate.type.TimeZoneType@30457e14
18:19:17.465 [main] DEBUG org.hibernate.type.BasicTypeRegistry - Adding type registration java.util.TimeZone -&gt; org.hibernate.type.TimeZoneType@30457e14
18:19:17.466 [main] DEBUG org.hibernate.type.BasicTypeRegistry - Adding type registration class -&gt; org.hibernate.type.ClassType@c1a4620
18:19:17.466 [main] DEBUG org.hibernate.type.BasicTypeRegistry - Adding type registration java.lang.Class -&gt; org.hibernate.type.ClassType@c1a4620
18:19:17.468 [main] DEBUG org.hibernate.type.BasicTypeRegistry - Adding type registration uuid-binary -&gt; org.hibernate.type.UUIDBinaryType@5bb3d42d
18:19:17.469 [main] DEBUG org.hibernate.type.BasicTypeRegistry - Adding type registration java.util.UUID -&gt; org.hibernate.type.UUIDBinaryType@5bb3d42d
18:19:17.469 [main] DEBUG org.hibernate.type.BasicTypeRegistry - Adding type registration uuid-char -&gt; org.hibernate.type.UUIDCharType@4e7095ac
18:19:17.470 [main] DEBUG org.hibernate.type.BasicTypeRegistry - Adding type registration pg-uuid -&gt; org.hibernate.type.PostgresUUIDType@b09fac1
18:19:17.472 [main] DEBUG org.hibernate.type.BasicTypeRegistry - Adding type registration binary -&gt; org.hibernate.type.BinaryType@4c5204af
18:19:17.472 [main] DEBUG org.hibernate.type.BasicTypeRegistry - Adding type registration byte[] -&gt; org.hibernate.type.BinaryType@4c5204af
18:19:17.472 [main] DEBUG org.hibernate.type.BasicTypeRegistry - Adding type registration [B -&gt; org.hibernate.type.BinaryType@4c5204af
18:19:17.474 [main] DEBUG org.hibernate.type.BasicTypeRegistry - Adding type registration wrapper-binary -&gt; org.hibernate.type.WrapperBinaryType@73e132e0
18:19:17.474 [main] DEBUG org.hibernate.type.BasicTypeRegistry - Adding type registration Byte[] -&gt; org.hibernate.type.WrapperBinaryType@73e132e0
18:19:17.474 [main] DEBUG org.hibernate.type.BasicTypeRegistry - Adding type registration [Ljava.lang.Byte; -&gt; org.hibernate.type.WrapperBinaryType@73e132e0
18:19:17.475 [main] DEBUG org.hibernate.type.BasicTypeRegistry - Adding type registration image -&gt; org.hibernate.type.ImageType@3b0f7d9d
18:19:17.476 [main] DEBUG org.hibernate.type.BasicTypeRegistry - Adding type registration characters -&gt; org.hibernate.type.CharArrayType@71ea1fda
18:19:17.476 [main] DEBUG org.hibernate.type.BasicTypeRegistry - Adding type registration char[] -&gt; org.hibernate.type.CharArrayType@71ea1fda
18:19:17.476 [main] DEBUG org.hibernate.type.BasicTypeRegistry - Adding type registration [C -&gt; org.hibernate.type.CharArrayType@71ea1fda
18:19:17.478 [main] DEBUG org.hibernate.type.BasicTypeRegistry - Adding type registration wrapper-characters -&gt; org.hibernate.type.CharacterArrayType@545f80bf
18:19:17.478 [main] DEBUG org.hibernate.type.BasicTypeRegistry - Adding type registration [Ljava.lang.Character; -&gt; org.hibernate.type.CharacterArrayType@545f80bf
18:19:17.479 [main] DEBUG org.hibernate.type.BasicTypeRegistry - Adding type registration Character[] -&gt; org.hibernate.type.CharacterArrayType@545f80bf
18:19:17.480 [main] DEBUG org.hibernate.type.BasicTypeRegistry - Adding type registration text -&gt; org.hibernate.type.TextType@3e1162e7
18:19:17.481 [main] DEBUG org.hibernate.type.BasicTypeRegistry - Adding type registration ntext -&gt; org.hibernate.type.NTextType@1ea9f009
18:19:17.485 [main] DEBUG org.hibernate.type.BasicTypeRegistry - Adding type registration blob -&gt; org.hibernate.type.BlobType@48d7ad8b
18:19:17.486 [main] DEBUG org.hibernate.type.BasicTypeRegistry - Adding type registration java.sql.Blob -&gt; org.hibernate.type.BlobType@48d7ad8b
18:19:17.486 [main] DEBUG org.hibernate.type.BasicTypeRegistry - Adding type registration materialized_blob -&gt; org.hibernate.type.MaterializedBlobType@26f1249d
18:19:17.490 [main] DEBUG org.hibernate.type.BasicTypeRegistry - Adding type registration clob -&gt; org.hibernate.type.ClobType@4010d494
18:19:17.490 [main] DEBUG org.hibernate.type.BasicTypeRegistry - Adding type registration java.sql.Clob -&gt; org.hibernate.type.ClobType@4010d494
18:19:17.494 [main] DEBUG org.hibernate.type.BasicTypeRegistry - Adding type registration nclob -&gt; org.hibernate.type.NClobType@867ba60
18:19:17.494 [main] DEBUG org.hibernate.type.BasicTypeRegistry - Adding type registration java.sql.NClob -&gt; org.hibernate.type.NClobType@867ba60
18:19:17.495 [main] DEBUG org.hibernate.type.BasicTypeRegistry - Adding type registration materialized_clob -&gt; org.hibernate.type.MaterializedClobType@6034e75d
18:19:17.495 [main] DEBUG org.hibernate.type.BasicTypeRegistry - Adding type registration materialized_nclob -&gt; org.hibernate.type.MaterializedNClobType@2a3a299
18:19:17.497 [main] DEBUG org.hibernate.type.BasicTypeRegistry - Adding type registration serializable -&gt; org.hibernate.type.SerializableType@46b695ec
18:19:17.500 [main] DEBUG org.hibernate.type.BasicTypeRegistry - Adding type registration object -&gt; org.hibernate.type.ObjectType@410e94e
18:19:17.500 [main] DEBUG org.hibernate.type.BasicTypeRegistry - Adding type registration java.lang.Object -&gt; org.hibernate.type.ObjectType@410e94e
18:19:17.501 [main] DEBUG org.hibernate.type.BasicTypeRegistry - Adding type registration imm_date -&gt; org.hibernate.type.AdaptedImmutableType@1da6ee17
18:19:17.501 [main] DEBUG org.hibernate.type.BasicTypeRegistry - Adding type registration imm_time -&gt; org.hibernate.type.AdaptedImmutableType@78d39a69
18:19:17.501 [main] DEBUG org.hibernate.type.BasicTypeRegistry - Adding type registration imm_timestamp -&gt; org.hibernate.type.AdaptedImmutableType@3c818ac4
18:19:17.501 [main] DEBUG org.hibernate.type.BasicTypeRegistry - Adding type registration imm_dbtimestamp -&gt; org.hibernate.type.AdaptedImmutableType@5b69d40d
18:19:17.501 [main] DEBUG org.hibernate.type.BasicTypeRegistry - Adding type registration imm_calendar -&gt; org.hibernate.type.AdaptedImmutableType@71154f21
18:19:17.502 [main] DEBUG org.hibernate.type.BasicTypeRegistry - Adding type registration imm_calendar_date -&gt; org.hibernate.type.AdaptedImmutableType@15f193b8
18:19:17.502 [main] DEBUG org.hibernate.type.BasicTypeRegistry - Adding type registration imm_binary -&gt; org.hibernate.type.AdaptedImmutableType@2516fc68
18:19:17.502 [main] DEBUG org.hibernate.type.BasicTypeRegistry - Adding type registration imm_serializable -&gt; org.hibernate.type.AdaptedImmutableType@304a9d7b
18:19:17.516 [main] INFO  o.h.annotations.common.Version - HCANN000001: Hibernate Commons Annotations {4.0.5.Final}
18:19:17.526 [main] DEBUG o.h.i.f.i.DefaultIdentifierGeneratorFactory - Registering IdentifierGenerator strategy [uuid2] -&gt; [org.hibernate.id.UUIDGenerator]
18:19:17.526 [main] DEBUG o.h.i.f.i.DefaultIdentifierGeneratorFactory - Registering IdentifierGenerator strategy [guid] -&gt; [org.hibernate.id.GUIDGenerator]
18:19:17.527 [main] DEBUG o.h.i.f.i.DefaultIdentifierGeneratorFactory - Registering IdentifierGenerator strategy [uuid] -&gt; [org.hibernate.id.UUIDHexGenerator]
18:19:17.527 [main] DEBUG o.h.i.f.i.DefaultIdentifierGeneratorFactory - Registering IdentifierGenerator strategy [uuid.hex] -&gt; [org.hibernate.id.UUIDHexGenerator]
18:19:17.529 [main] DEBUG o.h.i.f.i.DefaultIdentifierGeneratorFactory - Registering IdentifierGenerator strategy [hilo] -&gt; [org.hibernate.id.TableHiLoGenerator]
18:19:17.530 [main] DEBUG o.h.i.f.i.DefaultIdentifierGeneratorFactory - Registering IdentifierGenerator strategy [assigned] -&gt; [org.hibernate.id.Assigned]
18:19:17.531 [main] DEBUG o.h.i.f.i.DefaultIdentifierGeneratorFactory - Registering IdentifierGenerator strategy [identity] -&gt; [org.hibernate.id.IdentityGenerator]
18:19:17.532 [main] DEBUG o.h.i.f.i.DefaultIdentifierGeneratorFactory - Registering IdentifierGenerator strategy [select] -&gt; [org.hibernate.id.SelectGenerator]
18:19:17.533 [main] DEBUG o.h.i.f.i.DefaultIdentifierGeneratorFactory - Registering IdentifierGenerator strategy [sequence] -&gt; [org.hibernate.id.SequenceGenerator]
18:19:17.533 [main] DEBUG o.h.i.f.i.DefaultIdentifierGeneratorFactory - Registering IdentifierGenerator strategy [seqhilo] -&gt; [org.hibernate.id.SequenceHiLoGenerator]
18:19:17.534 [main] DEBUG o.h.i.f.i.DefaultIdentifierGeneratorFactory - Registering IdentifierGenerator strategy [increment] -&gt; [org.hibernate.id.IncrementGenerator]
18:19:17.534 [main] DEBUG o.h.i.f.i.DefaultIdentifierGeneratorFactory - Registering IdentifierGenerator strategy [foreign] -&gt; [org.hibernate.id.ForeignGenerator]
18:19:17.535 [main] DEBUG o.h.i.f.i.DefaultIdentifierGeneratorFactory - Registering IdentifierGenerator strategy [sequence-identity] -&gt; [org.hibernate.id.SequenceIdentityGenerator]
18:19:17.536 [main] DEBUG o.h.i.f.i.DefaultIdentifierGeneratorFactory - Registering IdentifierGenerator strategy [enhanced-sequence] -&gt; [org.hibernate.id.enhanced.SequenceStyleGenerator]
18:19:17.537 [main] DEBUG o.h.i.f.i.DefaultIdentifierGeneratorFactory - Registering IdentifierGenerator strategy [enhanced-table] -&gt; [org.hibernate.id.enhanced.TableGenerator]
18:19:17.543 [main] DEBUG org.hibernate.cfg.Configuration - Preparing to build session factory with filters : {}
18:19:17.555 [main] INFO  o.h.c.i.C3P0ConnectionProvider - HHH010002: C3P0 using driver: com.mysql.jdbc.Driver at URL: jdbc:mysql://localhost:3306/testmaker
18:19:17.556 [main] INFO  o.h.c.i.C3P0ConnectionProvider - HHH000046: Connection properties: {user=root}
18:19:17.556 [main] INFO  o.h.c.i.C3P0ConnectionProvider - HHH000006: Autocommit mode: false
18:19:18.152 [main] DEBUG o.h.e.jdbc.internal.JdbcServicesImpl - Database -&gt;
       name : MySQL
    version : 5.5.5-10.4.11-MariaDB
      major : 5
      minor : 5
18:19:18.152 [main] DEBUG o.h.e.jdbc.internal.JdbcServicesImpl - Driver -&gt;
       name : MySQL Connector Java
    version : mysql-connector-java-5.1.34 ( Revision: jess.balint@oracle.com-20141014163213-wqbwpf1ok2kvo1om )
      major : 5
      minor : 1
18:19:18.153 [main] DEBUG o.h.e.jdbc.internal.JdbcServicesImpl - JDBC version : 4.0
18:19:18.155 [main] DEBUG o.h.e.j.c.i.StandardRefCursorSupport - Unexpected error trying to gauge level of JDBC REF_CURSOR support : null
18:19:18.181 [main] INFO  org.hibernate.dialect.Dialect - HHH000400: Using dialect: org.hibernate.dialect.MySQL5InnoDBDialect
18:19:18.190 [main] INFO  o.h.e.j.internal.LobCreatorBuilder - HHH000424: Disabling contextual LOB creation as createClob() method threw error : java.lang.reflect.InvocationTargetException
18:19:18.223 [main] DEBUG org.hibernate.cfg.Configuration - Processing hbm.xml files
18:19:18.223 [main] DEBUG org.hibernate.cfg.Configuration - Process annotated classes
18:19:18.233 [main] DEBUG org.hibernate.cfg.AnnotationBinder - Binding entity from annotated class: cn.cstqb.exam.testmaker.entities.PaperQuestion
18:19:18.247 [main] DEBUG org.hibernate.cfg.Ejb3Column - Binding column: Ejb3DiscriminatorColumn{logicalColumnName&apos;DTYPE&apos;, discriminatorTypeName=&apos;string&apos;}
18:19:18.252 [main] DEBUG o.h.cfg.annotations.EntityBinder - Import with entity name PaperQuestion
18:19:18.256 [main] DEBUG o.h.cfg.annotations.EntityBinder - Bind entity cn.cstqb.exam.testmaker.entities.PaperQuestion on table paper_question
18:19:18.280 [main] DEBUG org.hibernate.cfg.Ejb3Column - Binding column: Ejb3Column{table=org.hibernate.mapping.Table(paper_question), mappingColumn=id, insertable=true, updatable=false, unique=false}
18:19:18.283 [main] DEBUG o.h.cfg.annotations.PropertyBinder - MetadataSourceProcessor property id with lazy=false
18:19:18.286 [main] DEBUG o.h.cfg.AbstractPropertyHolder - Attempting to locate auto-apply AttributeConverter for property [cn.cstqb.exam.testmaker.entities.PaperQuestion:id]
18:19:18.287 [main] DEBUG o.h.c.annotations.SimpleValueBinder - building SimpleValue for id
18:19:18.288 [main] DEBUG o.h.cfg.annotations.PropertyBinder - Building property id
18:19:18.291 [main] DEBUG org.hibernate.cfg.Ejb3Column - Binding column: Ejb3Column{table=org.hibernate.mapping.Table(paper_question), mappingColumn=created_on, insertable=true, updatable=false, unique=false}
18:19:18.291 [main] DEBUG o.h.cfg.annotations.PropertyBinder - MetadataSourceProcessor property createdOn with lazy=false
18:19:18.291 [main] DEBUG o.h.cfg.AbstractPropertyHolder - Attempting to locate auto-apply AttributeConverter for property [cn.cstqb.exam.testmaker.entities.PaperQuestion:createdOn]
18:19:18.292 [main] DEBUG o.h.c.annotations.SimpleValueBinder - building SimpleValue for createdOn
18:19:18.292 [main] DEBUG o.h.cfg.annotations.PropertyBinder - Building property createdOn
18:19:18.293 [main] DEBUG org.hibernate.cfg.Ejb3Column - Binding column: Ejb3Column{table=org.hibernate.mapping.Table(paper_question), mappingColumn=updated_on, insertable=true, updatable=true, unique=false}
18:19:18.294 [main] DEBUG o.h.cfg.annotations.PropertyBinder - MetadataSourceProcessor property updatedOn with lazy=false
18:19:18.294 [main] DEBUG o.h.cfg.AbstractPropertyHolder - Attempting to locate auto-apply AttributeConverter for property [cn.cstqb.exam.testmaker.entities.PaperQuestion:updatedOn]
18:19:18.294 [main] DEBUG o.h.c.annotations.SimpleValueBinder - building SimpleValue for updatedOn
18:19:18.294 [main] DEBUG o.h.cfg.annotations.PropertyBinder - Building property updatedOn
18:19:18.295 [main] DEBUG org.hibernate.cfg.Ejb3Column - Binding column: Ejb3JoinColumn{logicalColumnName=&apos;paper_id&apos;, referencedColumn=&apos;&apos;, mappedBy=&apos;&apos;}
18:19:18.296 [main] DEBUG org.hibernate.cfg.Ejb3Column - Binding column: Ejb3Column{table=org.hibernate.mapping.Table(paper_question), mappingColumn=paper, insertable=true, updatable=true, unique=false}
18:19:18.299 [main] DEBUG o.h.cfg.annotations.PropertyBinder - Building property paper
18:19:18.300 [main] DEBUG org.hibernate.cfg.Ejb3Column - Binding column: Ejb3JoinColumn{logicalColumnName=&apos;paper_question_id&apos;, referencedColumn=&apos;&apos;, mappedBy=&apos;&apos;}
18:19:18.300 [main] DEBUG org.hibernate.cfg.Ejb3Column - Binding column: Ejb3Column{table=org.hibernate.mapping.Table(paper_question), mappingColumn=question, insertable=true, updatable=true, unique=false}
18:19:18.300 [main] DEBUG o.h.cfg.annotations.PropertyBinder - Building property question
18:19:18.302 [main] DEBUG org.hibernate.cfg.AnnotationBinder - Binding entity from annotated class: cn.cstqb.exam.testmaker.entities.ProjectStatus
18:19:18.303 [main] DEBUG org.hibernate.cfg.Ejb3Column - Binding column: Ejb3DiscriminatorColumn{logicalColumnName&apos;DTYPE&apos;, discriminatorTypeName=&apos;string&apos;}
18:19:18.303 [main] DEBUG o.h.cfg.annotations.EntityBinder - Import with entity name ProjectStatus
18:19:18.303 [main] DEBUG o.h.cfg.annotations.EntityBinder - Bind entity cn.cstqb.exam.testmaker.entities.ProjectStatus on table project_status
18:19:18.305 [main] DEBUG org.hibernate.cfg.Ejb3Column - Binding column: Ejb3Column{table=org.hibernate.mapping.Table(project_status), mappingColumn=id, insertable=true, updatable=false, unique=false}
18:19:18.305 [main] DEBUG o.h.cfg.annotations.PropertyBinder - MetadataSourceProcessor property id with lazy=false
18:19:18.305 [main] DEBUG o.h.cfg.AbstractPropertyHolder - Attempting to locate auto-apply AttributeConverter for property [cn.cstqb.exam.testmaker.entities.ProjectStatus:id]
18:19:18.306 [main] DEBUG o.h.c.annotations.SimpleValueBinder - building SimpleValue for id
18:19:18.306 [main] DEBUG o.h.cfg.annotations.PropertyBinder - Building property id
18:19:18.306 [main] DEBUG org.hibernate.cfg.Ejb3Column - Binding column: Ejb3Column{table=org.hibernate.mapping.Table(project_status), mappingColumn=created_on, insertable=true, updatable=false, unique=false}
18:19:18.307 [main] DEBUG o.h.cfg.annotations.PropertyBinder - MetadataSourceProcessor property createdOn with lazy=false
18:19:18.307 [main] DEBUG o.h.cfg.AbstractPropertyHolder - Attempting to locate auto-apply AttributeConverter for property [cn.cstqb.exam.testmaker.entities.ProjectStatus:createdOn]
18:19:18.307 [main] DEBUG o.h.c.annotations.SimpleValueBinder - building SimpleValue for createdOn
18:19:18.307 [main] DEBUG o.h.cfg.annotations.PropertyBinder - Building property createdOn
18:19:18.308 [main] DEBUG org.hibernate.cfg.Ejb3Column - Binding column: Ejb3Column{table=org.hibernate.mapping.Table(project_status), mappingColumn=updated_on, insertable=true, updatable=true, unique=false}
18:19:18.308 [main] DEBUG o.h.cfg.annotations.PropertyBinder - MetadataSourceProcessor property updatedOn with lazy=false
18:19:18.308 [main] DEBUG o.h.cfg.AbstractPropertyHolder - Attempting to locate auto-apply AttributeConverter for property [cn.cstqb.exam.testmaker.entities.ProjectStatus:updatedOn]
18:19:18.308 [main] DEBUG o.h.c.annotations.SimpleValueBinder - building SimpleValue for updatedOn
18:19:18.309 [main] DEBUG o.h.cfg.annotations.PropertyBinder - Building property updatedOn
18:19:18.309 [main] DEBUG org.hibernate.cfg.Ejb3Column - Binding column: Ejb3Column{table=org.hibernate.mapping.Table(project_status), mappingColumn=is_finish, insertable=true, updatable=true, unique=false}
18:19:18.309 [main] DEBUG o.h.cfg.annotations.PropertyBinder - MetadataSourceProcessor property isFinish with lazy=false
18:19:18.309 [main] DEBUG o.h.cfg.AbstractPropertyHolder - Attempting to locate auto-apply AttributeConverter for property [cn.cstqb.exam.testmaker.entities.ProjectStatus:isFinish]
18:19:18.310 [main] DEBUG o.h.c.annotations.SimpleValueBinder - building SimpleValue for isFinish
18:19:18.310 [main] DEBUG o.h.cfg.annotations.PropertyBinder - Building property isFinish
18:19:18.310 [main] DEBUG org.hibernate.cfg.Ejb3Column - Binding column: Ejb3Column{table=org.hibernate.mapping.Table(project_status), mappingColumn=is_start, insertable=true, updatable=true, unique=false}
18:19:18.310 [main] DEBUG o.h.cfg.annotations.PropertyBinder - MetadataSourceProcessor property isStart with lazy=false
18:19:18.311 [main] DEBUG o.h.cfg.AbstractPropertyHolder - Attempting to locate auto-apply AttributeConverter for property [cn.cstqb.exam.testmaker.entities.ProjectStatus:isStart]
18:19:18.311 [main] DEBUG o.h.c.annotations.SimpleValueBinder - building SimpleValue for isStart
18:19:18.311 [main] DEBUG o.h.cfg.annotations.PropertyBinder - Building property isStart
18:19:18.311 [main] DEBUG org.hibernate.cfg.Ejb3Column - Binding column: Ejb3Column{table=org.hibernate.mapping.Table(project_status), mappingColumn=name, insertable=true, updatable=true, unique=true}
18:19:18.312 [main] DEBUG o.h.cfg.annotations.PropertyBinder - MetadataSourceProcessor property name with lazy=false
18:19:18.312 [main] DEBUG o.h.cfg.AbstractPropertyHolder - Attempting to locate auto-apply AttributeConverter for property [cn.cstqb.exam.testmaker.entities.ProjectStatus:name]
18:19:18.312 [main] DEBUG o.h.c.annotations.SimpleValueBinder - building SimpleValue for name
18:19:18.312 [main] DEBUG o.h.cfg.annotations.PropertyBinder - Building property name
18:19:18.313 [main] DEBUG org.hibernate.cfg.AnnotationBinder - Binding entity from annotated class: cn.cstqb.exam.testmaker.entities.ReviewAssessment
18:19:18.313 [main] DEBUG org.hibernate.cfg.Ejb3Column - Binding column: Ejb3DiscriminatorColumn{logicalColumnName&apos;DTYPE&apos;, discriminatorTypeName=&apos;string&apos;}
18:19:18.313 [main] DEBUG o.h.cfg.annotations.EntityBinder - Import with entity name ReviewAssessment
18:19:18.314 [main] DEBUG o.h.cfg.annotations.EntityBinder - Bind entity cn.cstqb.exam.testmaker.entities.ReviewAssessment on table review_assessment
18:19:18.314 [main] DEBUG org.hibernate.cfg.Ejb3Column - Binding column: Ejb3Column{table=org.hibernate.mapping.Table(review_assessment), mappingColumn=id, insertable=true, updatable=false, unique=false}
18:19:18.315 [main] DEBUG o.h.cfg.annotations.PropertyBinder - MetadataSourceProcessor property id with lazy=false
18:19:18.315 [main] DEBUG o.h.cfg.AbstractPropertyHolder - Attempting to locate auto-apply AttributeConverter for property [cn.cstqb.exam.testmaker.entities.ReviewAssessment:id]
18:19:18.315 [main] DEBUG o.h.c.annotations.SimpleValueBinder - building SimpleValue for id
18:19:18.315 [main] DEBUG o.h.cfg.annotations.PropertyBinder - Building property id
18:19:18.316 [main] DEBUG org.hibernate.cfg.Ejb3Column - Binding column: Ejb3Column{table=org.hibernate.mapping.Table(review_assessment), mappingColumn=created_on, insertable=true, updatable=false, unique=false}
18:19:18.316 [main] DEBUG o.h.cfg.annotations.PropertyBinder - MetadataSourceProcessor property createdOn with lazy=false
18:19:18.316 [main] DEBUG o.h.cfg.AbstractPropertyHolder - Attempting to locate auto-apply AttributeConverter for property [cn.cstqb.exam.testmaker.entities.ReviewAssessment:createdOn]
18:19:18.316 [main] DEBUG o.h.c.annotations.SimpleValueBinder - building SimpleValue for createdOn
18:19:18.316 [main] DEBUG o.h.cfg.annotations.PropertyBinder - Building property createdOn
18:19:18.317 [main] DEBUG org.hibernate.cfg.Ejb3Column - Binding column: Ejb3Column{table=org.hibernate.mapping.Table(review_assessment), mappingColumn=updated_on, insertable=true, updatable=true, unique=false}
18:19:18.317 [main] DEBUG o.h.cfg.annotations.PropertyBinder - MetadataSourceProcessor property updatedOn with lazy=false
18:19:18.317 [main] DEBUG o.h.cfg.AbstractPropertyHolder - Attempting to locate auto-apply AttributeConverter for property [cn.cstqb.exam.testmaker.entities.ReviewAssessment:updatedOn]
18:19:18.318 [main] DEBUG o.h.c.annotations.SimpleValueBinder - building SimpleValue for updatedOn
18:19:18.318 [main] DEBUG o.h.cfg.annotations.PropertyBinder - Building property updatedOn
18:19:18.318 [main] DEBUG org.hibernate.cfg.Ejb3Column - Binding column: Ejb3Column{table=org.hibernate.mapping.Table(review_assessment), mappingColumn=name, insertable=true, updatable=true, unique=true}
18:19:18.318 [main] DEBUG o.h.cfg.annotations.PropertyBinder - MetadataSourceProcessor property name with lazy=false
18:19:18.319 [main] DEBUG o.h.cfg.AbstractPropertyHolder - Attempting to locate auto-apply AttributeConverter for property [cn.cstqb.exam.testmaker.entities.ReviewAssessment:name]
18:19:18.319 [main] DEBUG o.h.c.annotations.SimpleValueBinder - building SimpleValue for name
18:19:18.319 [main] DEBUG o.h.cfg.annotations.PropertyBinder - Building property name
18:19:18.319 [main] DEBUG org.hibernate.cfg.AnnotationBinder - Binding entity from annotated class: cn.cstqb.exam.testmaker.entities.QuestionType
18:19:18.320 [main] DEBUG org.hibernate.cfg.Ejb3Column - Binding column: Ejb3DiscriminatorColumn{logicalColumnName&apos;DTYPE&apos;, discriminatorTypeName=&apos;string&apos;}
18:19:18.320 [main] DEBUG o.h.cfg.annotations.EntityBinder - Import with entity name QuestionType
18:19:18.320 [main] DEBUG o.h.cfg.annotations.EntityBinder - Bind entity cn.cstqb.exam.testmaker.entities.QuestionType on table question_type
18:19:18.321 [main] DEBUG org.hibernate.cfg.Ejb3Column - Binding column: Ejb3Column{table=org.hibernate.mapping.Table(question_type), mappingColumn=id, insertable=true, updatable=false, unique=false}
18:19:18.321 [main] DEBUG o.h.cfg.annotations.PropertyBinder - MetadataSourceProcessor property id with lazy=false
18:19:18.321 [main] DEBUG o.h.cfg.AbstractPropertyHolder - Attempting to locate auto-apply AttributeConverter for property [cn.cstqb.exam.testmaker.entities.QuestionType:id]
18:19:18.322 [main] DEBUG o.h.c.annotations.SimpleValueBinder - building SimpleValue for id
18:19:18.322 [main] DEBUG o.h.cfg.annotations.PropertyBinder - Building property id
18:19:18.322 [main] DEBUG org.hibernate.cfg.Ejb3Column - Binding column: Ejb3Column{table=org.hibernate.mapping.Table(question_type), mappingColumn=created_on, insertable=true, updatable=false, unique=false}
18:19:18.322 [main] DEBUG o.h.cfg.annotations.PropertyBinder - MetadataSourceProcessor property createdOn with lazy=false
18:19:18.322 [main] DEBUG o.h.cfg.AbstractPropertyHolder - Attempting to locate auto-apply AttributeConverter for property [cn.cstqb.exam.testmaker.entities.QuestionType:createdOn]
18:19:18.323 [main] DEBUG o.h.c.annotations.SimpleValueBinder - building SimpleValue for createdOn
18:19:18.323 [main] DEBUG o.h.cfg.annotations.PropertyBinder - Building property createdOn
18:19:18.323 [main] DEBUG org.hibernate.cfg.Ejb3Column - Binding column: Ejb3Column{table=org.hibernate.mapping.Table(question_type), mappingColumn=updated_on, insertable=true, updatable=true, unique=false}
18:19:18.323 [main] DEBUG o.h.cfg.annotations.PropertyBinder - MetadataSourceProcessor property updatedOn with lazy=false
18:19:18.323 [main] DEBUG o.h.cfg.AbstractPropertyHolder - Attempting to locate auto-apply AttributeConverter for property [cn.cstqb.exam.testmaker.entities.QuestionType:updatedOn]
18:19:18.324 [main] DEBUG o.h.c.annotations.SimpleValueBinder - building SimpleValue for updatedOn
18:19:18.324 [main] DEBUG o.h.cfg.annotations.PropertyBinder - Building property updatedOn
18:19:18.324 [main] DEBUG org.hibernate.cfg.Ejb3Column - Binding column: Ejb3Column{table=org.hibernate.mapping.Table(question_type), mappingColumn=name, insertable=true, updatable=true, unique=true}
18:19:18.324 [main] DEBUG o.h.cfg.annotations.PropertyBinder - MetadataSourceProcessor property name with lazy=false
18:19:18.324 [main] DEBUG o.h.cfg.AbstractPropertyHolder - Attempting to locate auto-apply AttributeConverter for property [cn.cstqb.exam.testmaker.entities.QuestionType:name]
18:19:18.325 [main] DEBUG o.h.c.annotations.SimpleValueBinder - building SimpleValue for name
18:19:18.325 [main] DEBUG o.h.cfg.annotations.PropertyBinder - Building property name
18:19:18.325 [main] DEBUG org.hibernate.cfg.AnnotationBinder - Binding entity from annotated class: cn.cstqb.exam.testmaker.entities.User
18:19:18.330 [main] DEBUG o.h.cfg.annotations.QueryBinder - Binding named query: User.findByUserName =&gt; SELECT u from User u where u.username = :username
18:19:18.330 [main] DEBUG org.hibernate.cfg.Ejb3Column - Binding column: Ejb3DiscriminatorColumn{logicalColumnName&apos;DTYPE&apos;, discriminatorTypeName=&apos;string&apos;}
18:19:18.330 [main] DEBUG o.h.cfg.annotations.EntityBinder - Import with entity name User
18:19:18.331 [main] DEBUG o.h.cfg.annotations.EntityBinder - Bind entity cn.cstqb.exam.testmaker.entities.User on table user
18:19:18.335 [main] DEBUG org.hibernate.cfg.Ejb3Column - Binding column: Ejb3Column{table=org.hibernate.mapping.Table(user), mappingColumn=id, insertable=true, updatable=false, unique=false}
18:19:18.335 [main] DEBUG o.h.cfg.annotations.PropertyBinder - MetadataSourceProcessor property id with lazy=false
18:19:18.335 [main] DEBUG o.h.cfg.AbstractPropertyHolder - Attempting to locate auto-apply AttributeConverter for property [cn.cstqb.exam.testmaker.entities.User:id]
18:19:18.336 [main] DEBUG o.h.c.annotations.SimpleValueBinder - building SimpleValue for id
18:19:18.336 [main] DEBUG o.h.cfg.annotations.PropertyBinder - Building property id
18:19:18.336 [main] DEBUG org.hibernate.cfg.Ejb3Column - Binding column: Ejb3Column{table=org.hibernate.mapping.Table(user), mappingColumn=created_on, insertable=true, updatable=false, unique=false}
18:19:18.336 [main] DEBUG o.h.cfg.annotations.PropertyBinder - MetadataSourceProcessor property createdOn with lazy=false
18:19:18.336 [main] DEBUG o.h.cfg.AbstractPropertyHolder - Attempting to locate auto-apply AttributeConverter for property [cn.cstqb.exam.testmaker.entities.User:createdOn]
18:19:18.336 [main] DEBUG o.h.c.annotations.SimpleValueBinder - building SimpleValue for createdOn
18:19:18.336 [main] DEBUG o.h.cfg.annotations.PropertyBinder - Building property createdOn
18:19:18.336 [main] DEBUG org.hibernate.cfg.Ejb3Column - Binding column: Ejb3Column{table=org.hibernate.mapping.Table(user), mappingColumn=updated_on, insertable=true, updatable=true, unique=false}
18:19:18.337 [main] DEBUG o.h.cfg.annotations.PropertyBinder - MetadataSourceProcessor property updatedOn with lazy=false
18:19:18.337 [main] DEBUG o.h.cfg.AbstractPropertyHolder - Attempting to locate auto-apply AttributeConverter for property [cn.cstqb.exam.testmaker.entities.User:updatedOn]
18:19:18.337 [main] DEBUG o.h.c.annotations.SimpleValueBinder - building SimpleValue for updatedOn
18:19:18.337 [main] DEBUG o.h.cfg.annotations.PropertyBinder - Building property updatedOn
18:19:18.338 [main] DEBUG org.hibernate.cfg.Ejb3Column - Binding column: Ejb3Column{table=org.hibernate.mapping.Table(user), mappingColumn=email, insertable=true, updatable=true, unique=true}
18:19:18.338 [main] DEBUG o.h.cfg.annotations.PropertyBinder - MetadataSourceProcessor property email with lazy=false
18:19:18.338 [main] DEBUG o.h.cfg.AbstractPropertyHolder - Attempting to locate auto-apply AttributeConverter for property [cn.cstqb.exam.testmaker.entities.User:email]
18:19:18.338 [main] DEBUG o.h.c.annotations.SimpleValueBinder - building SimpleValue for email
18:19:18.338 [main] DEBUG o.h.cfg.annotations.PropertyBinder - Building property email
18:19:18.339 [main] DEBUG org.hibernate.cfg.Ejb3Column - Binding column: Ejb3Column{table=org.hibernate.mapping.Table(user), mappingColumn=enabled, insertable=true, updatable=true, unique=false}
18:19:18.339 [main] DEBUG o.h.cfg.annotations.PropertyBinder - MetadataSourceProcessor property enabled with lazy=false
18:19:18.339 [main] DEBUG o.h.cfg.AbstractPropertyHolder - Attempting to locate auto-apply AttributeConverter for property [cn.cstqb.exam.testmaker.entities.User:enabled]
18:19:18.339 [main] DEBUG o.h.c.annotations.SimpleValueBinder - building SimpleValue for enabled
18:19:18.339 [main] DEBUG o.h.cfg.annotations.PropertyBinder - Building property enabled
18:19:18.340 [main] DEBUG org.hibernate.cfg.Ejb3Column - Binding column: Ejb3Column{table=org.hibernate.mapping.Table(user), mappingColumn=full_name, insertable=true, updatable=true, unique=false}
18:19:18.340 [main] DEBUG o.h.cfg.annotations.PropertyBinder - MetadataSourceProcessor property fullName with lazy=false
18:19:18.340 [main] DEBUG o.h.cfg.AbstractPropertyHolder - Attempting to locate auto-apply AttributeConverter for property [cn.cstqb.exam.testmaker.entities.User:fullName]
18:19:18.340 [main] DEBUG o.h.c.annotations.SimpleValueBinder - building SimpleValue for fullName
18:19:18.341 [main] DEBUG o.h.cfg.annotations.PropertyBinder - Building property fullName
18:19:18.341 [main] DEBUG org.hibernate.cfg.Ejb3Column - Binding column: Ejb3Column{table=org.hibernate.mapping.Table(user), mappingColumn=is_admin, insertable=true, updatable=true, unique=false}
18:19:18.341 [main] DEBUG o.h.cfg.annotations.PropertyBinder - MetadataSourceProcessor property isAdmin with lazy=false
18:19:18.341 [main] DEBUG o.h.cfg.AbstractPropertyHolder - Attempting to locate auto-apply AttributeConverter for property [cn.cstqb.exam.testmaker.entities.User:isAdmin]
18:19:18.341 [main] DEBUG o.h.c.annotations.SimpleValueBinder - building SimpleValue for isAdmin
18:19:18.342 [main] DEBUG o.h.cfg.annotations.PropertyBinder - Building property isAdmin
18:19:18.342 [main] DEBUG org.hibernate.cfg.Ejb3Column - Binding column: Ejb3Column{table=org.hibernate.mapping.Table(user), mappingColumn=last_login, insertable=true, updatable=true, unique=false}
18:19:18.342 [main] DEBUG o.h.cfg.annotations.PropertyBinder - MetadataSourceProcessor property lastLogin with lazy=false
18:19:18.342 [main] DEBUG o.h.cfg.AbstractPropertyHolder - Attempting to locate auto-apply AttributeConverter for property [cn.cstqb.exam.testmaker.entities.User:lastLogin]
18:19:18.342 [main] DEBUG o.h.c.annotations.SimpleValueBinder - building SimpleValue for lastLogin
18:19:18.343 [main] DEBUG o.h.cfg.annotations.PropertyBinder - Building property lastLogin
18:19:18.343 [main] DEBUG org.hibernate.cfg.Ejb3Column - Binding column: Ejb3Column{table=org.hibernate.mapping.Table(user), mappingColumn=login_count, insertable=true, updatable=true, unique=false}
18:19:18.343 [main] DEBUG o.h.cfg.annotations.PropertyBinder - MetadataSourceProcessor property loginCount with lazy=false
18:19:18.343 [main] DEBUG o.h.cfg.AbstractPropertyHolder - Attempting to locate auto-apply AttributeConverter for property [cn.cstqb.exam.testmaker.entities.User:loginCount]
18:19:18.343 [main] DEBUG o.h.c.annotations.SimpleValueBinder - building SimpleValue for loginCount
18:19:18.344 [main] DEBUG o.h.cfg.annotations.PropertyBinder - Building property loginCount
18:19:18.344 [main] DEBUG org.hibernate.cfg.Ejb3Column - Binding column: Ejb3Column{table=org.hibernate.mapping.Table(user), mappingColumn=password, insertable=true, updatable=true, unique=false}
18:19:18.344 [main] DEBUG o.h.cfg.annotations.PropertyBinder - MetadataSourceProcessor property password with lazy=false
18:19:18.344 [main] DEBUG o.h.cfg.AbstractPropertyHolder - Attempting to locate auto-apply AttributeConverter for property [cn.cstqb.exam.testmaker.entities.User:password]
18:19:18.345 [main] DEBUG o.h.c.annotations.SimpleValueBinder - building SimpleValue for password
18:19:18.345 [main] DEBUG o.h.cfg.annotations.PropertyBinder - Building property password
18:19:18.345 [main] DEBUG org.hibernate.cfg.Ejb3Column - Binding column: Ejb3Column{table=org.hibernate.mapping.Table(user), mappingColumn=phone, insertable=true, updatable=true, unique=false}
18:19:18.346 [main] DEBUG o.h.cfg.annotations.PropertyBinder - MetadataSourceProcessor property phone with lazy=false
18:19:18.346 [main] DEBUG o.h.cfg.AbstractPropertyHolder - Attempting to locate auto-apply AttributeConverter for property [cn.cstqb.exam.testmaker.entities.User:phone]
18:19:18.346 [main] DEBUG o.h.c.annotations.SimpleValueBinder - building SimpleValue for phone
18:19:18.346 [main] DEBUG o.h.cfg.annotations.PropertyBinder - Building property phone
18:19:18.347 [main] DEBUG org.hibernate.cfg.Ejb3Column - Binding column: Ejb3Column{table=org.hibernate.mapping.Table(user), mappingColumn=null, insertable=true, updatable=true, unique=false}
18:19:18.357 [main] DEBUG org.hibernate.cfg.Ejb3Column - Binding column: Ejb3Column{table=org.hibernate.mapping.Table(user), mappingColumn=element, insertable=true, updatable=true, unique=false}
18:19:18.358 [main] DEBUG org.hibernate.cfg.Ejb3Column - Binding column: Ejb3Column{table=org.hibernate.mapping.Table(user), mappingColumn=projects_key, insertable=true, updatable=true, unique=false}
18:19:18.358 [main] DEBUG org.hibernate.cfg.Ejb3Column - Binding column: Ejb3JoinColumn{logicalColumnName=&apos;projects_KEY&apos;, referencedColumn=&apos;null&apos;, mappedBy=&apos;null&apos;}
18:19:18.358 [main] DEBUG org.hibernate.cfg.Ejb3Column - Binding column: Ejb3JoinColumn{logicalColumnName=&apos;null&apos;, referencedColumn=&apos;null&apos;, mappedBy=&apos;users&apos;}
18:19:18.359 [main] DEBUG org.hibernate.cfg.Ejb3Column - Binding column: Ejb3JoinColumn{logicalColumnName=&apos;null&apos;, referencedColumn=&apos;null&apos;, mappedBy=&apos;users&apos;}
18:19:18.360 [main] DEBUG o.h.cfg.annotations.CollectionBinder - Collection role: cn.cstqb.exam.testmaker.entities.User.projects
18:19:18.362 [main] DEBUG o.h.cfg.annotations.PropertyBinder - Building property projects
18:19:18.363 [main] DEBUG org.hibernate.cfg.Ejb3Column - Binding column: Ejb3Column{table=org.hibernate.mapping.Table(user), mappingColumn=username, insertable=true, updatable=false, unique=true}
18:19:18.363 [main] DEBUG o.h.cfg.annotations.PropertyBinder - MetadataSourceProcessor property username with lazy=false
18:19:18.363 [main] DEBUG o.h.cfg.AbstractPropertyHolder - Attempting to locate auto-apply AttributeConverter for property [cn.cstqb.exam.testmaker.entities.User:username]
18:19:18.363 [main] DEBUG o.h.c.annotations.SimpleValueBinder - building SimpleValue for username
18:19:18.364 [main] DEBUG o.h.cfg.annotations.PropertyBinder - Building property username
18:19:18.364 [main] DEBUG org.hibernate.cfg.AnnotationBinder - Binding entity from annotated class: cn.cstqb.exam.testmaker.entities.Chapter
18:19:18.364 [main] DEBUG org.hibernate.cfg.Ejb3Column - Binding column: Ejb3DiscriminatorColumn{logicalColumnName&apos;DTYPE&apos;, discriminatorTypeName=&apos;string&apos;}
18:19:18.364 [main] DEBUG o.h.cfg.annotations.EntityBinder - Import with entity name Chapter
18:19:18.365 [main] DEBUG o.h.cfg.annotations.EntityBinder - Bind entity cn.cstqb.exam.testmaker.entities.Chapter on table chapter
18:19:18.369 [main] DEBUG org.hibernate.cfg.Ejb3Column - Binding column: Ejb3Column{table=org.hibernate.mapping.Table(chapter), mappingColumn=id, insertable=true, updatable=false, unique=false}
18:19:18.370 [main] DEBUG o.h.cfg.annotations.PropertyBinder - MetadataSourceProcessor property id with lazy=false
18:19:18.370 [main] DEBUG o.h.cfg.AbstractPropertyHolder - Attempting to locate auto-apply AttributeConverter for property [cn.cstqb.exam.testmaker.entities.Chapter:id]
18:19:18.370 [main] DEBUG o.h.c.annotations.SimpleValueBinder - building SimpleValue for id
18:19:18.370 [main] DEBUG o.h.cfg.annotations.PropertyBinder - Building property id
18:19:18.371 [main] DEBUG org.hibernate.cfg.Ejb3Column - Binding column: Ejb3Column{table=org.hibernate.mapping.Table(chapter), mappingColumn=created_on, insertable=true, updatable=false, unique=false}
18:19:18.371 [main] DEBUG o.h.cfg.annotations.PropertyBinder - MetadataSourceProcessor property createdOn with lazy=false
18:19:18.371 [main] DEBUG o.h.cfg.AbstractPropertyHolder - Attempting to locate auto-apply AttributeConverter for property [cn.cstqb.exam.testmaker.entities.Chapter:createdOn]
18:19:18.372 [main] DEBUG o.h.c.annotations.SimpleValueBinder - building SimpleValue for createdOn
18:19:18.372 [main] DEBUG o.h.cfg.annotations.PropertyBinder - Building property createdOn
18:19:18.372 [main] DEBUG org.hibernate.cfg.Ejb3Column - Binding column: Ejb3Column{table=org.hibernate.mapping.Table(chapter), mappingColumn=updated_on, insertable=true, updatable=true, unique=false}
18:19:18.372 [main] DEBUG o.h.cfg.annotations.PropertyBinder - MetadataSourceProcessor property updatedOn with lazy=false
18:19:18.373 [main] DEBUG o.h.cfg.AbstractPropertyHolder - Attempting to locate auto-apply AttributeConverter for property [cn.cstqb.exam.testmaker.entities.Chapter:updatedOn]
18:19:18.373 [main] DEBUG o.h.c.annotations.SimpleValueBinder - building SimpleValue for updatedOn
18:19:18.373 [main] DEBUG o.h.cfg.annotations.PropertyBinder - Building property updatedOn
18:19:18.373 [main] DEBUG org.hibernate.cfg.Ejb3Column - Binding column: Ejb3Column{table=org.hibernate.mapping.Table(chapter), mappingColumn=number, insertable=true, updatable=true, unique=false}
18:19:18.374 [main] DEBUG o.h.cfg.annotations.PropertyBinder - MetadataSourceProcessor property number with lazy=false
18:19:18.374 [main] DEBUG o.h.cfg.AbstractPropertyHolder - Attempting to locate auto-apply AttributeConverter for property [cn.cstqb.exam.testmaker.entities.Chapter:number]
18:19:18.374 [main] DEBUG o.h.c.annotations.SimpleValueBinder - building SimpleValue for number
18:19:18.374 [main] DEBUG o.h.cfg.annotations.PropertyBinder - Building property number
18:19:18.374 [main] DEBUG org.hibernate.cfg.Ejb3Column - Binding column: Ejb3JoinColumn{logicalColumnName=&apos;null&apos;, referencedColumn=&apos;null&apos;, mappedBy=&apos;chapter&apos;}
18:19:18.375 [main] DEBUG org.hibernate.cfg.Ejb3Column - Binding column: Ejb3Column{table=org.hibernate.mapping.Table(chapter), mappingColumn=points, insertable=true, updatable=true, unique=false}
18:19:18.375 [main] DEBUG org.hibernate.cfg.Ejb3Column - Binding column: Ejb3Column{table=org.hibernate.mapping.Table(chapter), mappingColumn=null, insertable=true, updatable=true, unique=false}
18:19:18.376 [main] DEBUG org.hibernate.cfg.Ejb3Column - Binding column: Ejb3Column{table=org.hibernate.mapping.Table(chapter), mappingColumn=element, insertable=true, updatable=true, unique=false}
18:19:18.376 [main] DEBUG org.hibernate.cfg.Ejb3Column - Binding column: Ejb3Column{table=org.hibernate.mapping.Table(chapter), mappingColumn=points_key, insertable=true, updatable=true, unique=false}
18:19:18.376 [main] DEBUG org.hibernate.cfg.Ejb3Column - Binding column: Ejb3JoinColumn{logicalColumnName=&apos;points_KEY&apos;, referencedColumn=&apos;null&apos;, mappedBy=&apos;null&apos;}
18:19:18.377 [main] DEBUG org.hibernate.cfg.Ejb3Column - Binding column: Ejb3JoinColumn{logicalColumnName=&apos;null&apos;, referencedColumn=&apos;null&apos;, mappedBy=&apos;chapter&apos;}
18:19:18.377 [main] DEBUG org.hibernate.cfg.Ejb3Column - Binding column: Ejb3JoinColumn{logicalColumnName=&apos;null&apos;, referencedColumn=&apos;null&apos;, mappedBy=&apos;chapter&apos;}
18:19:18.377 [main] DEBUG o.h.cfg.annotations.CollectionBinder - Collection role: cn.cstqb.exam.testmaker.entities.Chapter.points
18:19:18.377 [main] DEBUG o.h.cfg.annotations.PropertyBinder - Building property points
18:19:18.378 [main] DEBUG org.hibernate.cfg.Ejb3Column - Binding column: Ejb3JoinColumn{logicalColumnName=&apos;syllabus_id&apos;, referencedColumn=&apos;&apos;, mappedBy=&apos;&apos;}
18:19:18.378 [main] DEBUG org.hibernate.cfg.Ejb3Column - Binding column: Ejb3Column{table=org.hibernate.mapping.Table(chapter), mappingColumn=syllabus, insertable=true, updatable=true, unique=false}
18:19:18.378 [main] DEBUG o.h.cfg.annotations.PropertyBinder - Building property syllabus
18:19:18.379 [main] DEBUG org.hibernate.cfg.Ejb3Column - Binding column: Ejb3Column{table=org.hibernate.mapping.Table(chapter), mappingColumn=title, insertable=true, updatable=true, unique=false}
18:19:18.379 [main] DEBUG o.h.cfg.annotations.PropertyBinder - MetadataSourceProcessor property title with lazy=false
18:19:18.379 [main] DEBUG o.h.cfg.AbstractPropertyHolder - Attempting to locate auto-apply AttributeConverter for property [cn.cstqb.exam.testmaker.entities.Chapter:title]
18:19:18.379 [main] DEBUG o.h.c.annotations.SimpleValueBinder - building SimpleValue for title
18:19:18.379 [main] DEBUG o.h.cfg.annotations.PropertyBinder - Building property title
18:19:18.380 [main] DEBUG org.hibernate.cfg.AnnotationBinder - Binding entity from annotated class: cn.cstqb.exam.testmaker.entities.QuestionChoiceImage
18:19:18.380 [main] DEBUG org.hibernate.cfg.Ejb3Column - Binding column: Ejb3DiscriminatorColumn{logicalColumnName&apos;DTYPE&apos;, discriminatorTypeName=&apos;string&apos;}
18:19:18.380 [main] DEBUG o.h.cfg.annotations.EntityBinder - Import with entity name QuestionChoiceImage
18:19:18.381 [main] DEBUG o.h.cfg.annotations.EntityBinder - Bind entity cn.cstqb.exam.testmaker.entities.QuestionChoiceImage on table question_choice_image
18:19:18.383 [main] DEBUG org.hibernate.cfg.Ejb3Column - Binding column: Ejb3Column{table=org.hibernate.mapping.Table(question_choice_image), mappingColumn=id, insertable=true, updatable=false, unique=false}
18:19:18.383 [main] DEBUG o.h.cfg.annotations.PropertyBinder - MetadataSourceProcessor property id with lazy=false
18:19:18.383 [main] DEBUG o.h.cfg.AbstractPropertyHolder - Attempting to locate auto-apply AttributeConverter for property [cn.cstqb.exam.testmaker.entities.QuestionChoiceImage:id]
18:19:18.384 [main] DEBUG o.h.c.annotations.SimpleValueBinder - building SimpleValue for id
18:19:18.384 [main] DEBUG o.h.cfg.annotations.PropertyBinder - Building property id
18:19:18.384 [main] DEBUG org.hibernate.cfg.Ejb3Column - Binding column: Ejb3Column{table=org.hibernate.mapping.Table(question_choice_image), mappingColumn=created_on, insertable=true, updatable=false, unique=false}
18:19:18.384 [main] DEBUG o.h.cfg.annotations.PropertyBinder - MetadataSourceProcessor property createdOn with lazy=false
18:19:18.385 [main] DEBUG o.h.cfg.AbstractPropertyHolder - Attempting to locate auto-apply AttributeConverter for property [cn.cstqb.exam.testmaker.entities.QuestionChoiceImage:createdOn]
18:19:18.385 [main] DEBUG o.h.c.annotations.SimpleValueBinder - building SimpleValue for createdOn
18:19:18.385 [main] DEBUG o.h.cfg.annotations.PropertyBinder - Building property createdOn
18:19:18.385 [main] DEBUG org.hibernate.cfg.Ejb3Column - Binding column: Ejb3Column{table=org.hibernate.mapping.Table(question_choice_image), mappingColumn=updated_on, insertable=true, updatable=true, unique=false}
18:19:18.386 [main] DEBUG o.h.cfg.annotations.PropertyBinder - MetadataSourceProcessor property updatedOn with lazy=false
18:19:18.386 [main] DEBUG o.h.cfg.AbstractPropertyHolder - Attempting to locate auto-apply AttributeConverter for property [cn.cstqb.exam.testmaker.entities.QuestionChoiceImage:updatedOn]
18:19:18.386 [main] DEBUG o.h.c.annotations.SimpleValueBinder - building SimpleValue for updatedOn
18:19:18.386 [main] DEBUG o.h.cfg.annotations.PropertyBinder - Building property updatedOn
18:19:18.387 [main] DEBUG org.hibernate.cfg.Ejb3Column - Binding column: Ejb3Column{table=org.hibernate.mapping.Table(question_choice_image), mappingColumn=path, insertable=true, updatable=true, unique=false}
18:19:18.387 [main] DEBUG o.h.cfg.annotations.PropertyBinder - MetadataSourceProcessor property path with lazy=false
18:19:18.387 [main] DEBUG o.h.cfg.AbstractPropertyHolder - Attempting to locate auto-apply AttributeConverter for property [cn.cstqb.exam.testmaker.entities.QuestionChoiceImage:path]
18:19:18.388 [main] DEBUG o.h.c.annotations.SimpleValueBinder - building SimpleValue for path
18:19:18.388 [main] DEBUG o.h.cfg.annotations.PropertyBinder - Building property path
18:19:18.389 [main] DEBUG org.hibernate.cfg.Ejb3Column - Binding column: Ejb3Column{table=org.hibernate.mapping.Table(question_choice_image), mappingColumn=caption, insertable=true, updatable=true, unique=false}
18:19:18.389 [main] DEBUG o.h.cfg.annotations.PropertyBinder - MetadataSourceProcessor property caption with lazy=false
18:19:18.389 [main] DEBUG o.h.cfg.AbstractPropertyHolder - Attempting to locate auto-apply AttributeConverter for property [cn.cstqb.exam.testmaker.entities.QuestionChoiceImage:caption]
18:19:18.389 [main] DEBUG o.h.c.annotations.SimpleValueBinder - building SimpleValue for caption
18:19:18.389 [main] DEBUG o.h.cfg.annotations.PropertyBinder - Building property caption
18:19:18.390 [main] DEBUG org.hibernate.cfg.Ejb3Column - Binding column: Ejb3JoinColumn{logicalColumnName=&apos;QUESTION_CHOICE_ID&apos;, referencedColumn=&apos;&apos;, mappedBy=&apos;&apos;}
18:19:18.390 [main] DEBUG org.hibernate.cfg.Ejb3Column - Binding column: Ejb3Column{table=org.hibernate.mapping.Table(question_choice_image), mappingColumn=choice, insertable=true, updatable=true, unique=false}
18:19:18.390 [main] DEBUG o.h.cfg.annotations.PropertyBinder - Building property choice
18:19:18.391 [main] DEBUG org.hibernate.cfg.AnnotationBinder - Binding entity from annotated class: cn.cstqb.exam.testmaker.entities.Question
18:19:18.391 [main] DEBUG org.hibernate.cfg.Ejb3Column - Binding column: Ejb3DiscriminatorColumn{logicalColumnName&apos;DTYPE&apos;, discriminatorTypeName=&apos;string&apos;}
18:19:18.391 [main] DEBUG o.h.cfg.annotations.EntityBinder - Import with entity name Question
18:19:18.392 [main] DEBUG o.h.cfg.annotations.EntityBinder - Bind entity cn.cstqb.exam.testmaker.entities.Question on table question
18:19:18.401 [main] DEBUG org.hibernate.cfg.Ejb3Column - Binding column: Ejb3Column{table=org.hibernate.mapping.Table(question), mappingColumn=id, insertable=true, updatable=false, unique=false}
18:19:18.402 [main] DEBUG o.h.cfg.annotations.PropertyBinder - MetadataSourceProcessor property id with lazy=false
18:19:18.402 [main] DEBUG o.h.cfg.AbstractPropertyHolder - Attempting to locate auto-apply AttributeConverter for property [cn.cstqb.exam.testmaker.entities.Question:id]
18:19:18.402 [main] DEBUG o.h.c.annotations.SimpleValueBinder - building SimpleValue for id
18:19:18.402 [main] DEBUG o.h.cfg.annotations.PropertyBinder - Building property id
18:19:18.403 [main] DEBUG org.hibernate.cfg.Ejb3Column - Binding column: Ejb3Column{table=org.hibernate.mapping.Table(question), mappingColumn=created_on, insertable=true, updatable=false, unique=false}
18:19:18.403 [main] DEBUG o.h.cfg.annotations.PropertyBinder - MetadataSourceProcessor property createdOn with lazy=false
18:19:18.403 [main] DEBUG o.h.cfg.AbstractPropertyHolder - Attempting to locate auto-apply AttributeConverter for property [cn.cstqb.exam.testmaker.entities.Question:createdOn]
18:19:18.403 [main] DEBUG o.h.c.annotations.SimpleValueBinder - building SimpleValue for createdOn
18:19:18.403 [main] DEBUG o.h.cfg.annotations.PropertyBinder - Building property createdOn
18:19:18.404 [main] DEBUG org.hibernate.cfg.Ejb3Column - Binding column: Ejb3Column{table=org.hibernate.mapping.Table(question), mappingColumn=updated_on, insertable=true, updatable=true, unique=false}
18:19:18.404 [main] DEBUG o.h.cfg.annotations.PropertyBinder - MetadataSourceProcessor property updatedOn with lazy=false
18:19:18.404 [main] DEBUG o.h.cfg.AbstractPropertyHolder - Attempting to locate auto-apply AttributeConverter for property [cn.cstqb.exam.testmaker.entities.Question:updatedOn]
18:19:18.404 [main] DEBUG o.h.c.annotations.SimpleValueBinder - building SimpleValue for updatedOn
18:19:18.404 [main] DEBUG o.h.cfg.annotations.PropertyBinder - Building property updatedOn
18:19:18.404 [main] DEBUG org.hibernate.cfg.Ejb3Column - Binding column: Ejb3JoinColumn{logicalColumnName=&apos;author_id&apos;, referencedColumn=&apos;&apos;, mappedBy=&apos;&apos;}
18:19:18.405 [main] DEBUG org.hibernate.cfg.Ejb3Column - Binding column: Ejb3Column{table=org.hibernate.mapping.Table(question), mappingColumn=author, insertable=true, updatable=true, unique=false}
18:19:18.405 [main] DEBUG o.h.cfg.annotations.PropertyBinder - Building property author
18:19:18.405 [main] DEBUG org.hibernate.cfg.Ejb3Column - Binding column: Ejb3Column{table=org.hibernate.mapping.Table(question), mappingColumn=authoring_finish_date, insertable=true, updatable=true, unique=false}
18:19:18.405 [main] DEBUG o.h.cfg.annotations.PropertyBinder - MetadataSourceProcessor property authoringFinishDate with lazy=false
18:19:18.406 [main] DEBUG o.h.cfg.AbstractPropertyHolder - Attempting to locate auto-apply AttributeConverter for property [cn.cstqb.exam.testmaker.entities.Question:authoringFinishDate]
18:19:18.406 [main] DEBUG o.h.c.annotations.SimpleValueBinder - building SimpleValue for authoringFinishDate
18:19:18.406 [main] DEBUG o.h.cfg.annotations.PropertyBinder - Building property authoringFinishDate
18:19:18.406 [main] DEBUG org.hibernate.cfg.Ejb3Column - Binding column: Ejb3Column{table=org.hibernate.mapping.Table(question), mappingColumn=authoring_start_date, insertable=true, updatable=true, unique=false}
18:19:18.407 [main] DEBUG o.h.cfg.annotations.PropertyBinder - MetadataSourceProcessor property authoringStartDate with lazy=false
18:19:18.407 [main] DEBUG o.h.cfg.AbstractPropertyHolder - Attempting to locate auto-apply AttributeConverter for property [cn.cstqb.exam.testmaker.entities.Question:authoringStartDate]
18:19:18.407 [main] DEBUG o.h.c.annotations.SimpleValueBinder - building SimpleValue for authoringStartDate
18:19:18.407 [main] DEBUG o.h.cfg.annotations.PropertyBinder - Building property authoringStartDate
18:19:18.408 [main] DEBUG org.hibernate.cfg.Ejb3Column - Binding column: Ejb3Column{table=org.hibernate.mapping.Table(question), mappingColumn=custom_field2, insertable=true, updatable=true, unique=false}
18:19:18.408 [main] DEBUG o.h.cfg.annotations.PropertyBinder - MetadataSourceProcessor property customField2 with lazy=false
18:19:18.408 [main] DEBUG o.h.cfg.AbstractPropertyHolder - Attempting to locate auto-apply AttributeConverter for property [cn.cstqb.exam.testmaker.entities.Question:customField2]
18:19:18.408 [main] DEBUG o.h.c.annotations.SimpleValueBinder - building SimpleValue for customField2
18:19:18.408 [main] DEBUG o.h.cfg.annotations.PropertyBinder - Building property customField2
18:19:18.409 [main] DEBUG org.hibernate.cfg.Ejb3Column - Binding column: Ejb3Column{table=org.hibernate.mapping.Table(question), mappingColumn=custom_field3, insertable=true, updatable=true, unique=false}
18:19:18.409 [main] DEBUG o.h.cfg.annotations.PropertyBinder - MetadataSourceProcessor property customField3 with lazy=false
18:19:18.409 [main] DEBUG o.h.cfg.AbstractPropertyHolder - Attempting to locate auto-apply AttributeConverter for property [cn.cstqb.exam.testmaker.entities.Question:customField3]
18:19:18.409 [main] DEBUG o.h.c.annotations.SimpleValueBinder - building SimpleValue for customField3
18:19:18.409 [main] DEBUG o.h.cfg.annotations.PropertyBinder - Building property customField3
18:19:18.410 [main] DEBUG org.hibernate.cfg.Ejb3Column - Binding column: Ejb3Column{table=org.hibernate.mapping.Table(question), mappingColumn=custom_filed1, insertable=true, updatable=true, unique=false}
18:19:18.410 [main] DEBUG o.h.cfg.annotations.PropertyBinder - MetadataSourceProcessor property customFiled1 with lazy=false
18:19:18.410 [main] DEBUG o.h.cfg.AbstractPropertyHolder - Attempting to locate auto-apply AttributeConverter for property [cn.cstqb.exam.testmaker.entities.Question:customFiled1]
18:19:18.410 [main] DEBUG o.h.c.annotations.SimpleValueBinder - building SimpleValue for customFiled1
18:19:18.410 [main] DEBUG o.h.cfg.annotations.PropertyBinder - Building property customFiled1
18:19:18.411 [main] DEBUG org.hibernate.cfg.Ejb3Column - Binding column: Ejb3Column{table=org.hibernate.mapping.Table(question), mappingColumn=description, insertable=true, updatable=true, unique=false}
18:19:18.411 [main] DEBUG o.h.cfg.annotations.PropertyBinder - MetadataSourceProcessor property description with lazy=false
18:19:18.411 [main] DEBUG o.h.cfg.AbstractPropertyHolder - Attempting to locate auto-apply AttributeConverter for property [cn.cstqb.exam.testmaker.entities.Question:description]
18:19:18.411 [main] DEBUG o.h.c.annotations.SimpleValueBinder - building SimpleValue for description
18:19:18.411 [main] DEBUG o.h.cfg.annotations.PropertyBinder - Building property description
18:19:18.412 [main] DEBUG org.hibernate.cfg.Ejb3Column - Binding column: Ejb3Column{table=org.hibernate.mapping.Table(question), mappingColumn=difficulty, insertable=true, updatable=true, unique=false}
18:19:18.412 [main] DEBUG o.h.cfg.annotations.PropertyBinder - MetadataSourceProcessor property difficulty with lazy=false
18:19:18.412 [main] DEBUG o.h.cfg.AbstractPropertyHolder - Attempting to locate auto-apply AttributeConverter for property [cn.cstqb.exam.testmaker.entities.Question:difficulty]
18:19:18.412 [main] DEBUG o.h.c.annotations.SimpleValueBinder - building SimpleValue for difficulty
18:19:18.413 [main] DEBUG o.h.cfg.annotations.PropertyBinder - Building property difficulty
18:19:18.413 [main] DEBUG org.hibernate.cfg.Ejb3Column - Binding column: Ejb3JoinColumn{logicalColumnName=&apos;null&apos;, referencedColumn=&apos;null&apos;, mappedBy=&apos;question&apos;}
18:19:18.413 [main] DEBUG org.hibernate.cfg.Ejb3Column - Binding column: Ejb3Column{table=org.hibernate.mapping.Table(question), mappingColumn=images, insertable=true, updatable=true, unique=false}
18:19:18.413 [main] DEBUG org.hibernate.cfg.Ejb3Column - Binding column: Ejb3Column{table=org.hibernate.mapping.Table(question), mappingColumn=null, insertable=true, updatable=true, unique=false}
18:19:18.415 [main] DEBUG org.hibernate.cfg.Ejb3Column - Binding column: Ejb3Column{table=org.hibernate.mapping.Table(question), mappingColumn=element, insertable=true, updatable=true, unique=false}
18:19:18.415 [main] DEBUG org.hibernate.cfg.Ejb3Column - Binding column: Ejb3Column{table=org.hibernate.mapping.Table(question), mappingColumn=images_key, insertable=true, updatable=true, unique=false}
18:19:18.415 [main] DEBUG org.hibernate.cfg.Ejb3Column - Binding column: Ejb3JoinColumn{logicalColumnName=&apos;images_KEY&apos;, referencedColumn=&apos;null&apos;, mappedBy=&apos;null&apos;}
18:19:18.415 [main] DEBUG org.hibernate.cfg.Ejb3Column - Binding column: Ejb3JoinColumn{logicalColumnName=&apos;null&apos;, referencedColumn=&apos;null&apos;, mappedBy=&apos;question&apos;}
18:19:18.415 [main] DEBUG org.hibernate.cfg.Ejb3Column - Binding column: Ejb3JoinColumn{logicalColumnName=&apos;null&apos;, referencedColumn=&apos;null&apos;, mappedBy=&apos;question&apos;}
18:19:18.416 [main] DEBUG o.h.cfg.annotations.CollectionBinder - Collection role: cn.cstqb.exam.testmaker.entities.Question.images
18:19:18.416 [main] DEBUG o.h.cfg.annotations.PropertyBinder - Building property images
18:19:18.416 [main] DEBUG org.hibernate.cfg.Ejb3Column - Binding column: Ejb3JoinColumn{logicalColumnName=&apos;null&apos;, referencedColumn=&apos;null&apos;, mappedBy=&apos;null&apos;}
18:19:18.416 [main] DEBUG org.hibernate.cfg.Ejb3Column - Binding column: Ejb3Column{table=org.hibernate.mapping.Table(question), mappingColumn=knowledge_point, insertable=true, updatable=true, unique=false}
18:19:18.417 [main] DEBUG o.h.cfg.annotations.PropertyBinder - Building property knowledgePoint
18:19:18.417 [main] DEBUG org.hibernate.cfg.Ejb3Column - Binding column: Ejb3JoinColumn{logicalColumnName=&apos;null&apos;, referencedColumn=&apos;&apos;, mappedBy=&apos;&apos;}
18:19:18.417 [main] DEBUG org.hibernate.cfg.Ejb3Column - Binding column: Ejb3Column{table=org.hibernate.mapping.Table(question), mappingColumn=language, insertable=true, updatable=true, unique=false}
18:19:18.417 [main] DEBUG o.h.cfg.annotations.PropertyBinder - Building property language
18:19:18.418 [main] DEBUG org.hibernate.cfg.Ejb3Column - Binding column: Ejb3Column{table=org.hibernate.mapping.Table(question), mappingColumn=memo, insertable=true, updatable=true, unique=false}
18:19:18.418 [main] DEBUG o.h.cfg.annotations.PropertyBinder - MetadataSourceProcessor property memo with lazy=false
18:19:18.418 [main] DEBUG o.h.cfg.AbstractPropertyHolder - Attempting to locate auto-apply AttributeConverter for property [cn.cstqb.exam.testmaker.entities.Question:memo]
18:19:18.418 [main] DEBUG o.h.c.annotations.SimpleValueBinder - building SimpleValue for memo
18:19:18.418 [main] DEBUG o.h.cfg.annotations.PropertyBinder - Building property memo
18:19:18.418 [main] DEBUG org.hibernate.cfg.Ejb3Column - Binding column: Ejb3Column{table=org.hibernate.mapping.Table(question), mappingColumn=multiple_choice, insertable=true, updatable=true, unique=false}
18:19:18.419 [main] DEBUG o.h.cfg.annotations.PropertyBinder - MetadataSourceProcessor property multipleChoice with lazy=false
18:19:18.419 [main] DEBUG o.h.cfg.AbstractPropertyHolder - Attempting to locate auto-apply AttributeConverter for property [cn.cstqb.exam.testmaker.entities.Question:multipleChoice]
18:19:18.419 [main] DEBUG o.h.c.annotations.SimpleValueBinder - building SimpleValue for multipleChoice
18:19:18.419 [main] DEBUG o.h.cfg.annotations.PropertyBinder - Building property multipleChoice
18:19:18.419 [main] DEBUG org.hibernate.cfg.Ejb3Column - Binding column: Ejb3JoinColumn{logicalColumnName=&apos;project_id&apos;, referencedColumn=&apos;&apos;, mappedBy=&apos;&apos;}
18:19:18.419 [main] DEBUG org.hibernate.cfg.Ejb3Column - Binding column: Ejb3Column{table=org.hibernate.mapping.Table(question), mappingColumn=project, insertable=true, updatable=true, unique=false}
18:19:18.420 [main] DEBUG o.h.cfg.annotations.PropertyBinder - Building property project
18:19:18.420 [main] DEBUG org.hibernate.cfg.Ejb3Column - Binding column: Ejb3Column{table=org.hibernate.mapping.Table(question), mappingColumn=published, insertable=true, updatable=true, unique=false}
18:19:18.420 [main] DEBUG o.h.cfg.annotations.PropertyBinder - MetadataSourceProcessor property published with lazy=false
18:19:18.420 [main] DEBUG o.h.cfg.AbstractPropertyHolder - Attempting to locate auto-apply AttributeConverter for property [cn.cstqb.exam.testmaker.entities.Question:published]
18:19:18.420 [main] DEBUG o.h.c.annotations.SimpleValueBinder - building SimpleValue for published
18:19:18.421 [main] DEBUG o.h.cfg.annotations.PropertyBinder - Building property published
18:19:18.421 [main] DEBUG org.hibernate.cfg.Ejb3Column - Binding column: Ejb3JoinColumn{logicalColumnName=&apos;qualityAdmin_id&apos;, referencedColumn=&apos;&apos;, mappedBy=&apos;&apos;}
18:19:18.421 [main] DEBUG org.hibernate.cfg.Ejb3Column - Binding column: Ejb3Column{table=org.hibernate.mapping.Table(question), mappingColumn=quality_admin, insertable=true, updatable=true, unique=false}
18:19:18.422 [main] DEBUG o.h.cfg.annotations.PropertyBinder - Building property qualityAdmin
18:19:18.422 [main] DEBUG org.hibernate.cfg.Ejb3Column - Binding column: Ejb3Column{table=org.hibernate.mapping.Table(question), mappingColumn=remark, insertable=true, updatable=true, unique=false}
18:19:18.422 [main] DEBUG o.h.cfg.annotations.PropertyBinder - MetadataSourceProcessor property remark with lazy=false
[...]
18:19:19.664 [main] ERROR o.h.tool.hbm2ddl.SchemaUpdate - Can&apos;t create table `testmaker`.`paper_question` (errno: 150 &quot;Foreign key constraint is incorrectly formed&quot;)
18:19:19.664 [main] INFO  o.h.tool.hbm2ddl.SchemaUpdate - HHH000232: Schema update complete
18:19:19.665 [main] DEBUG o.h.internal.NamedQueryRepository - Checking 1 named HQL queries
18:19:19.665 [main] DEBUG o.h.internal.NamedQueryRepository - Checking named query: User.findByUserName
18:19:19.703 [main] DEBUG o.h.h.i.ast.QueryTranslatorImpl - parse() - HQL: SELECT u from cn.cstqb.exam.testmaker.entities.User u where u.username = :username
18:19:19.713 [main] DEBUG o.h.h.i.ast.QueryTranslatorImpl - --- HQL AST ---
 \-[QUERY] Node: &apos;query&apos;
    +-[SELECT_FROM] Node: &apos;SELECT_FROM&apos;
    |  +-[FROM] Node: &apos;from&apos;
    |  |  \-[RANGE] Node: &apos;RANGE&apos;
    |  |     +-[DOT] Node: &apos;.&apos;
    |  |     |  +-[DOT] Node: &apos;.&apos;
    |  |     |  |  +-[DOT] Node: &apos;.&apos;
    |  |     |  |  |  +-[DOT] Node: &apos;.&apos;
    |  |     |  |  |  |  +-[DOT] Node: &apos;.&apos;
    |  |     |  |  |  |  |  +-[IDENT] Node: &apos;cn&apos;
    |  |     |  |  |  |  |  \-[IDENT] Node: &apos;cstqb&apos;
    |  |     |  |  |  |  \-[IDENT] Node: &apos;exam&apos;
    |  |     |  |  |  \-[IDENT] Node: &apos;testmaker&apos;
    |  |     |  |  \-[IDENT] Node: &apos;entities&apos;
    |  |     |  \-[IDENT] Node: &apos;User&apos;
    |  |     \-[ALIAS] Node: &apos;u&apos;
    |  \-[SELECT] Node: &apos;SELECT&apos;
    |     \-[IDENT] Node: &apos;u&apos;
    \-[WHERE] Node: &apos;where&apos;
       \-[EQ] Node: &apos;=&apos;
          +-[DOT] Node: &apos;.&apos;
          |  +-[IDENT] Node: &apos;u&apos;
          |  \-[IDENT] Node: &apos;username&apos;
          \-[COLON] Node: &apos;:&apos;
             \-[IDENT] Node: &apos;username&apos;

18:19:19.713 [main] DEBUG o.h.hql.internal.ast.ErrorCounter - throwQueryException() : no errors
18:19:19.733 [main] DEBUG o.h.h.i.antlr.HqlSqlBaseWalker - select &lt;&lt; begin [level=1, statement=select]
18:19:19.747 [main] DEBUG o.h.h.internal.ast.tree.FromElement - FromClause{level=1} : cn.cstqb.exam.testmaker.entities.User (u) -&gt; user0_
18:19:19.748 [main] DEBUG o.h.h.i.ast.tree.FromReferenceNode - Resolved : u -&gt; user0_.id
18:19:19.751 [main] DEBUG o.h.h.i.ast.tree.FromReferenceNode - Resolved : u -&gt; user0_.id
18:19:19.752 [main] DEBUG o.h.hql.internal.ast.tree.DotNode - getDataType() : username -&gt; org.hibernate.type.StringType@3b65e559
18:19:19.753 [main] DEBUG o.h.h.i.ast.tree.FromReferenceNode - Resolved : u.username -&gt; user0_.username
18:19:19.755 [main] DEBUG o.h.h.i.antlr.HqlSqlBaseWalker - select : finishing up [level=1, statement=select]
18:19:19.755 [main] DEBUG o.h.hql.internal.ast.HqlSqlWalker - processQuery() :  ( SELECT ( {select clause} user0_.id ) ( FromClause{level=1} user user0_ ) ( where ( = ( user0_.username user0_.id username ) ? ) ) )
18:19:19.773 [main] DEBUG o.h.h.i.ast.util.JoinProcessor - Using FROM fragment [user user0_]
18:19:19.773 [main] DEBUG o.h.h.i.antlr.HqlSqlBaseWalker - select &gt;&gt; end [level=1, statement=select]
18:19:19.775 [main] DEBUG o.h.h.i.ast.QueryTranslatorImpl - --- SQL AST ---
 \-[SELECT] QueryNode: &apos;SELECT&apos;  querySpaces (user)
    +-[SELECT_CLAUSE] SelectClause: &apos;{select clause}&apos;
    |  +-[ALIAS_REF] IdentNode: &apos;user0_.id as id1_20_&apos; {alias=u, className=cn.cstqb.exam.testmaker.entities.User, tableAlias=user0_}
    |  \-[SQL_TOKEN] SqlFragment: &apos;user0_.created_on as created_2_20_, user0_.updated_on as updated_3_20_, user0_.email as email4_20_, user0_.enabled as enabled5_20_, user0_.full_name as full_nam6_20_, user0_.is_admin as is_admin7_20_, user0_.last_login as last_log8_20_, user0_.login_count as login_co9_20_, user0_.password as passwor10_20_, user0_.phone as phone11_20_, user0_.username as usernam12_20_&apos;
    +-[FROM] FromClause: &apos;from&apos; FromClause{level=1, fromElementCounter=1, fromElements=1, fromElementByClassAlias=[u], fromElementByTableAlias=[user0_], fromElementsByPath=[], collectionJoinFromElementsByPath=[], impliedElements=[]}
    |  \-[FROM_FRAGMENT] FromElement: &apos;user user0_&apos; FromElement{explicit,not a collection join,not a fetch join,fetch non-lazy properties,classAlias=u,role=null,tableName=user,tableAlias=user0_,origin=null,columns={,className=cn.cstqb.exam.testmaker.entities.User}}
    \-[WHERE] SqlNode: &apos;where&apos;
       \-[EQ] BinaryLogicOperatorNode: &apos;=&apos;
          +-[DOT] DotNode: &apos;user0_.username&apos; {propertyName=username,dereferenceType=PRIMITIVE,getPropertyPath=username,path=u.username,tableAlias=user0_,className=cn.cstqb.exam.testmaker.entities.User,classAlias=u}
          |  +-[ALIAS_REF] IdentNode: &apos;user0_.id&apos; {alias=u, className=cn.cstqb.exam.testmaker.entities.User, tableAlias=user0_}
          |  \-[IDENT] IdentNode: &apos;username&apos; {originalText=username}
          \-[NAMED_PARAM] ParameterNode: &apos;?&apos; {name=username, expectedType=org.hibernate.type.StringType@3b65e559}

18:19:19.775 [main] DEBUG o.h.hql.internal.ast.ErrorCounter - throwQueryException() : no errors
18:19:19.780 [main] DEBUG o.h.h.i.ast.QueryTranslatorImpl - HQL: SELECT u from cn.cstqb.exam.testmaker.entities.User u where u.username = :username
18:19:19.780 [main] DEBUG o.h.h.i.ast.QueryTranslatorImpl - SQL: select user0_.id as id1_20_, user0_.created_on as created_2_20_, user0_.updated_on as updated_3_20_, user0_.email as email4_20_, user0_.enabled as enabled5_20_, user0_.full_name as full_nam6_20_, user0_.is_admin as is_admin7_20_, user0_.last_login as last_log8_20_, user0_.login_count as login_co9_20_, user0_.password as passwor10_20_, user0_.phone as phone11_20_, user0_.username as usernam12_20_ from user user0_ where user0_.username=?
18:19:19.780 [main] DEBUG o.h.hql.internal.ast.ErrorCounter - throwQueryException() : no errors
18:19:19.786 [main] DEBUG o.h.internal.NamedQueryRepository - Checking 0 named SQL queries
18:19:19.792 [main] DEBUG o.h.s.internal.StatisticsInitiator - Statistics initialized [enabled=false]
18:19:19.796 [main] DEBUG o.h.j.i.schemagen.JpaSchemaGenerator - No actions specified; doing nothing
18:19:19.849 [main] DEBUG o.h.j.i.EntityManagerFactoryRegistry - Initializing EntityManagerFactoryRegistry : org.hibernate.jpa.internal.EntityManagerFactoryRegistry@122635ef
18:19:19.849 [main] DEBUG o.h.j.i.EntityManagerFactoryRegistry - Registering EntityManagerFactory: test-maker 
18:19:19.872 [main] DEBUG c.c.e.t.configuration.AppInjector - Getting existing cn.cstqb.exam.testmaker.configuration.AppInjector instance. UUID=[63ea8226-f84b-4e7e-938d-426ccee5590d]...
18:19:19.875 [main] DEBUG c.c.e.t.d.i.UserDaoImpl$$EnhancerByGuice$$79273fdd - Parameter type: cn.cstqb.exam.testmaker.entities.User
18:19:19.884 [main] DEBUG c.c.e.t.c.ApplicationConfigContext - Custom configuration origin: null
18:19:19.885 [main] DEBUG c.c.e.t.d.i.ProjectDaoImpl$$EnhancerByGuice$$c37f39ae - Parameter type: cn.cstqb.exam.testmaker.entities.Project
18:19:19.885 [main] DEBUG c.c.e.t.d.i.UserDaoImpl$$EnhancerByGuice$$79273fdd - Parameter type: cn.cstqb.exam.testmaker.entities.User
18:19:19.885 [main] DEBUG c.c.e.t.d.i.ProjectStatusDaoImpl$$EnhancerByGuice$$4405c4e9 - Parameter type: cn.cstqb.exam.testmaker.entities.ProjectStatus
18:19:19.886 [main] DEBUG c.c.e.t.d.i.ProjectStatusDaoImpl$$EnhancerByGuice$$4405c4e9 - Parameter type: cn.cstqb.exam.testmaker.entities.ProjectStatus
18:19:19.886 [main] DEBUG c.c.e.t.d.i.UserDaoImpl$$EnhancerByGuice$$79273fdd - Parameter type: cn.cstqb.exam.testmaker.entities.User
18:19:19.886 [main] DEBUG c.c.e.t.d.i.SyllabusDaoImpl$$EnhancerByGuice$$c4f67076 - Parameter type: cn.cstqb.exam.testmaker.entities.Syllabus
18:19:19.886 [main] DEBUG c.c.e.t.d.i.ChapterDaoImpl$$EnhancerByGuice$$1867bffb - Parameter type: cn.cstqb.exam.testmaker.entities.Chapter
18:19:19.887 [main] DEBUG c.c.e.t.d.i.KnowledgePointDaoImpl$$EnhancerByGuice$$41e2dd96 - Parameter type: cn.cstqb.exam.testmaker.entities.KnowledgePoint
18:19:20.118 [main] DEBUG c.c.e.t.j.s.JsonSerializer - JsonSerializer.init: Initializing ObjectMapper...
18:19:20.120 [main] DEBUG c.c.e.t.d.i.ProjectDaoImpl$$EnhancerByGuice$$c37f39ae - Parameter type: cn.cstqb.exam.testmaker.entities.Project
18:19:20.120 [main] DEBUG c.c.e.t.d.i.UserDaoImpl$$EnhancerByGuice$$79273fdd - Parameter type: cn.cstqb.exam.testmaker.entities.User
18:19:20.120 [main] DEBUG c.c.e.t.d.i.ProjectStatusDaoImpl$$EnhancerByGuice$$4405c4e9 - Parameter type: cn.cstqb.exam.testmaker.entities.ProjectStatus
18:19:20.121 [main] DEBUG c.c.e.t.d.i.QuestionDaoImpl$$EnhancerByGuice$$5db3d7 - Parameter type: cn.cstqb.exam.testmaker.entities.Question
18:19:20.121 [main] DEBUG c.c.e.t.d.i.QuestionLanguageDaoImpl$$EnhancerByGuice$$110ac74d - Parameter type: cn.cstqb.exam.testmaker.entities.QuestionLanguage
18:19:20.122 [main] DEBUG c.c.e.t.d.i.QuestionTypeDaoImpl$$EnhancerByGuice$$f53cdf6b - Parameter type: cn.cstqb.exam.testmaker.entities.QuestionType
18:19:20.122 [main] DEBUG c.c.e.t.d.i.UserDaoImpl$$EnhancerByGuice$$79273fdd - Parameter type: cn.cstqb.exam.testmaker.entities.User
18:19:20.123 [main] DEBUG c.c.e.t.d.i.ProjectDaoImpl$$EnhancerByGuice$$c37f39ae - Parameter type: cn.cstqb.exam.testmaker.entities.Project
18:19:20.123 [main] DEBUG c.c.e.t.d.i.UserDaoImpl$$EnhancerByGuice$$79273fdd - Parameter type: cn.cstqb.exam.testmaker.entities.User
18:19:20.123 [main] DEBUG c.c.e.t.d.i.ProjectStatusDaoImpl$$EnhancerByGuice$$4405c4e9 - Parameter type: cn.cstqb.exam.testmaker.entities.ProjectStatus
18:19:20.123 [main] DEBUG c.c.e.t.d.i.QuestionDaoImpl$$EnhancerByGuice$$5db3d7 - Parameter type: cn.cstqb.exam.testmaker.entities.Question
18:19:20.123 [main] DEBUG c.c.e.t.d.i.QuestionLanguageDaoImpl$$EnhancerByGuice$$110ac74d - Parameter type: cn.cstqb.exam.testmaker.entities.QuestionLanguage
18:19:20.123 [main] DEBUG c.c.e.t.d.i.QuestionTypeDaoImpl$$EnhancerByGuice$$f53cdf6b - Parameter type: cn.cstqb.exam.testmaker.entities.QuestionType
18:19:20.124 [main] DEBUG c.c.e.t.d.i.UserDaoImpl$$EnhancerByGuice$$79273fdd - Parameter type: cn.cstqb.exam.testmaker.entities.User
18:19:20.124 [main] DEBUG c.c.e.t.d.i.QuestionChoiceDaoImpl$$EnhancerByGuice$$b1a9fdca - Parameter type: cn.cstqb.exam.testmaker.entities.QuestionChoice
18:19:20.124 [main] DEBUG c.c.e.t.d.i.QuestionDaoImpl$$EnhancerByGuice$$5db3d7 - Parameter type: cn.cstqb.exam.testmaker.entities.Question
18:19:20.125 [main] DEBUG c.c.e.t.d.i.ProjectDaoImpl$$EnhancerByGuice$$c37f39ae - Parameter type: cn.cstqb.exam.testmaker.entities.Project
18:19:20.125 [main] DEBUG c.c.e.t.d.i.UserDaoImpl$$EnhancerByGuice$$79273fdd - Parameter type: cn.cstqb.exam.testmaker.entities.User
18:19:20.126 [main] DEBUG c.c.e.t.d.i.ProjectStatusDaoImpl$$EnhancerByGuice$$4405c4e9 - Parameter type: cn.cstqb.exam.testmaker.entities.ProjectStatus
18:19:20.126 [main] DEBUG c.c.e.t.d.i.ProjectStatusDaoImpl$$EnhancerByGuice$$4405c4e9 - Parameter type: cn.cstqb.exam.testmaker.entities.ProjectStatus
18:19:20.126 [main] DEBUG c.c.e.t.d.i.UserDaoImpl$$EnhancerByGuice$$79273fdd - Parameter type: cn.cstqb.exam.testmaker.entities.User
18:19:20.126 [main] DEBUG c.c.e.t.d.i.SyllabusDaoImpl$$EnhancerByGuice$$c4f67076 - Parameter type: cn.cstqb.exam.testmaker.entities.Syllabus
18:19:20.126 [main] DEBUG c.c.e.t.d.i.ChapterDaoImpl$$EnhancerByGuice$$1867bffb - Parameter type: cn.cstqb.exam.testmaker.entities.Chapter
18:19:20.126 [main] DEBUG c.c.e.t.d.i.KnowledgePointDaoImpl$$EnhancerByGuice$$41e2dd96 - Parameter type: cn.cstqb.exam.testmaker.entities.KnowledgePoint
18:19:20.127 [main] DEBUG c.c.e.t.d.i.ProjectDaoImpl$$EnhancerByGuice$$c37f39ae - Parameter type: cn.cstqb.exam.testmaker.entities.Project
18:19:20.127 [main] DEBUG c.c.e.t.d.i.UserDaoImpl$$EnhancerByGuice$$79273fdd - Parameter type: cn.cstqb.exam.testmaker.entities.User
18:19:20.127 [main] DEBUG c.c.e.t.d.i.ProjectStatusDaoImpl$$EnhancerByGuice$$4405c4e9 - Parameter type: cn.cstqb.exam.testmaker.entities.ProjectStatus
18:19:20.127 [main] DEBUG c.c.e.t.d.i.QuestionDaoImpl$$EnhancerByGuice$$5db3d7 - Parameter type: cn.cstqb.exam.testmaker.entities.Question
18:19:20.127 [main] DEBUG c.c.e.t.d.i.QuestionLanguageDaoImpl$$EnhancerByGuice$$110ac74d - Parameter type: cn.cstqb.exam.testmaker.entities.QuestionLanguage
18:19:20.127 [main] DEBUG c.c.e.t.d.i.QuestionTypeDaoImpl$$EnhancerByGuice$$f53cdf6b - Parameter type: cn.cstqb.exam.testmaker.entities.QuestionType
18:19:20.127 [main] DEBUG c.c.e.t.d.i.UserDaoImpl$$EnhancerByGuice$$79273fdd - Parameter type: cn.cstqb.exam.testmaker.entities.User
18:19:20.128 [main] DEBUG c.c.e.t.d.i.ProjectDaoImpl$$EnhancerByGuice$$c37f39ae - Parameter type: cn.cstqb.exam.testmaker.entities.Project
18:19:20.128 [main] DEBUG c.c.e.t.d.i.UserDaoImpl$$EnhancerByGuice$$79273fdd - Parameter type: cn.cstqb.exam.testmaker.entities.User
18:19:20.128 [main] DEBUG c.c.e.t.d.i.ProjectStatusDaoImpl$$EnhancerByGuice$$4405c4e9 - Parameter type: cn.cstqb.exam.testmaker.entities.ProjectStatus
18:19:20.128 [main] DEBUG c.c.e.t.d.i.QuestionDaoImpl$$EnhancerByGuice$$5db3d7 - Parameter type: cn.cstqb.exam.testmaker.entities.Question
18:19:20.128 [main] DEBUG c.c.e.t.d.i.QuestionLanguageDaoImpl$$EnhancerByGuice$$110ac74d - Parameter type: cn.cstqb.exam.testmaker.entities.QuestionLanguage
18:19:20.129 [main] DEBUG c.c.e.t.d.i.QuestionTypeDaoImpl$$EnhancerByGuice$$f53cdf6b - Parameter type: cn.cstqb.exam.testmaker.entities.QuestionType
18:19:20.129 [main] DEBUG c.c.e.t.d.i.UserDaoImpl$$EnhancerByGuice$$79273fdd - Parameter type: cn.cstqb.exam.testmaker.entities.User
18:19:20.129 [main] DEBUG c.c.e.t.d.i.QuestionChoiceDaoImpl$$EnhancerByGuice$$b1a9fdca - Parameter type: cn.cstqb.exam.testmaker.entities.QuestionChoice
18:19:20.129 [main] DEBUG c.c.e.t.d.i.QuestionDaoImpl$$EnhancerByGuice$$5db3d7 - Parameter type: cn.cstqb.exam.testmaker.entities.Question
18:19:20.129 [main] DEBUG c.c.e.t.d.i.ProjectDaoImpl$$EnhancerByGuice$$c37f39ae - Parameter type: cn.cstqb.exam.testmaker.entities.Project
18:19:20.129 [main] DEBUG c.c.e.t.d.i.UserDaoImpl$$EnhancerByGuice$$79273fdd - Parameter type: cn.cstqb.exam.testmaker.entities.User
18:19:20.129 [main] DEBUG c.c.e.t.d.i.ProjectStatusDaoImpl$$EnhancerByGuice$$4405c4e9 - Parameter type: cn.cstqb.exam.testmaker.entities.ProjectStatus
18:19:20.130 [main] DEBUG c.c.e.t.d.i.ProjectStatusDaoImpl$$EnhancerByGuice$$4405c4e9 - Parameter type: cn.cstqb.exam.testmaker.entities.ProjectStatus
18:19:20.130 [main] DEBUG c.c.e.t.d.i.UserDaoImpl$$EnhancerByGuice$$79273fdd - Parameter type: cn.cstqb.exam.testmaker.entities.User
18:19:20.130 [main] DEBUG c.c.e.t.d.i.SyllabusDaoImpl$$EnhancerByGuice$$c4f67076 - Parameter type: cn.cstqb.exam.testmaker.entities.Syllabus
18:19:20.130 [main] DEBUG c.c.e.t.d.i.ChapterDaoImpl$$EnhancerByGuice$$1867bffb - Parameter type: cn.cstqb.exam.testmaker.entities.Chapter
18:19:20.130 [main] DEBUG c.c.e.t.d.i.KnowledgePointDaoImpl$$EnhancerByGuice$$41e2dd96 - Parameter type: cn.cstqb.exam.testmaker.entities.KnowledgePoint
18:19:20.131 [main] DEBUG c.c.e.t.d.i.ProjectDaoImpl$$EnhancerByGuice$$c37f39ae - Parameter type: cn.cstqb.exam.testmaker.entities.Project
18:19:20.131 [main] DEBUG c.c.e.t.d.i.UserDaoImpl$$EnhancerByGuice$$79273fdd - Parameter type: cn.cstqb.exam.testmaker.entities.User
18:19:20.132 [main] DEBUG c.c.e.t.d.i.ProjectStatusDaoImpl$$EnhancerByGuice$$4405c4e9 - Parameter type: cn.cstqb.exam.testmaker.entities.ProjectStatus
18:19:20.132 [main] DEBUG c.c.e.t.d.i.QuestionDaoImpl$$EnhancerByGuice$$5db3d7 - Parameter type: cn.cstqb.exam.testmaker.entities.Question
18:19:20.132 [main] DEBUG c.c.e.t.d.i.QuestionLanguageDaoImpl$$EnhancerByGuice$$110ac74d - Parameter type: cn.cstqb.exam.testmaker.entities.QuestionLanguage
18:19:20.132 [main] DEBUG c.c.e.t.d.i.QuestionTypeDaoImpl$$EnhancerByGuice$$f53cdf6b - Parameter type: cn.cstqb.exam.testmaker.entities.QuestionType
18:19:20.133 [main] DEBUG c.c.e.t.d.i.UserDaoImpl$$EnhancerByGuice$$79273fdd - Parameter type: cn.cstqb.exam.testmaker.entities.User
18:19:20.133 [main] DEBUG c.c.e.t.d.i.ProjectDaoImpl$$EnhancerByGuice$$c37f39ae - Parameter type: cn.cstqb.exam.testmaker.entities.Project
18:19:20.133 [main] DEBUG c.c.e.t.d.i.UserDaoImpl$$EnhancerByGuice$$79273fdd - Parameter type: cn.cstqb.exam.testmaker.entities.User
18:19:20.133 [main] DEBUG c.c.e.t.d.i.ProjectStatusDaoImpl$$EnhancerByGuice$$4405c4e9 - Parameter type: cn.cstqb.exam.testmaker.entities.ProjectStatus
18:19:20.133 [main] DEBUG c.c.e.t.d.i.QuestionDaoImpl$$EnhancerByGuice$$5db3d7 - Parameter type: cn.cstqb.exam.testmaker.entities.Question
18:19:20.134 [main] DEBUG c.c.e.t.d.i.QuestionLanguageDaoImpl$$EnhancerByGuice$$110ac74d - Parameter type: cn.cstqb.exam.testmaker.entities.QuestionLanguage
18:19:20.134 [main] DEBUG c.c.e.t.d.i.QuestionTypeDaoImpl$$EnhancerByGuice$$f53cdf6b - Parameter type: cn.cstqb.exam.testmaker.entities.QuestionType
18:19:20.135 [main] DEBUG c.c.e.t.d.i.UserDaoImpl$$EnhancerByGuice$$79273fdd - Parameter type: cn.cstqb.exam.testmaker.entities.User
18:19:20.135 [main] DEBUG c.c.e.t.d.i.QuestionChoiceDaoImpl$$EnhancerByGuice$$b1a9fdca - Parameter type: cn.cstqb.exam.testmaker.entities.QuestionChoice
18:19:20.135 [main] DEBUG c.c.e.t.d.i.QuestionDaoImpl$$EnhancerByGuice$$5db3d7 - Parameter type: cn.cstqb.exam.testmaker.entities.Question
</system-out>
    <system-err>4�� 11, 2020 6:19:16 ���� com.google.inject.internal.ProxyFactory &lt;init&gt;
����: Method [public void cn.cstqb.exam.testmaker.dao.impl.QuestionStatusTransitionDaoImpl.create(cn.cstqb.exam.testmaker.entities.AbstractEntity)] is synthetic and is being intercepted by [com.google.inject.persist.jpa.JpaLocalTxnInterceptor@6d3c5255]. This could indicate a bug.  The method may be intercepted twice, or may not be intercepted at all.
4�� 11, 2020 6:19:17 ���� com.mchange.v2.log.MLog &lt;clinit&gt;
��Ϣ: MLog clients using java 1.4+ standard logging.
4�� 11, 2020 6:19:17 ���� com.mchange.v2.c3p0.C3P0Registry banner
��Ϣ: Initializing c3p0-0.9.2.1 [built 20-March-2013 10:47:27 +0000; debug? true; trace: 10]
4�� 11, 2020 6:19:17 ���� com.mchange.v2.c3p0.impl.AbstractPoolBackedDataSource getPoolManager
��Ϣ: Initializing c3p0 pool... com.mchange.v2.c3p0.PoolBackedDataSource@efdec566 [ connectionPoolDataSource -&gt; com.mchange.v2.c3p0.WrapperConnectionPoolDataSource@96c6820d [ acquireIncrement -&gt; 3, acquireRetryAttempts -&gt; 30, acquireRetryDelay -&gt; 1000, autoCommitOnClose -&gt; false, automaticTestTable -&gt; _conTestTable, breakAfterAcquireFailure -&gt; false, checkoutTimeout -&gt; 0, connectionCustomizerClassName -&gt; null, connectionTesterClassName -&gt; com.mchange.v2.c3p0.impl.DefaultConnectionTester, debugUnreturnedConnectionStackTraces -&gt; false, factoryClassLocation -&gt; null, forceIgnoreUnresolvedTransactions -&gt; false, identityToken -&gt; 1hgeby9a9t2bq3peutbs3|77bd7fe7, idleConnectionTestPeriod -&gt; 120, initialPoolSize -&gt; 3, maxAdministrativeTaskTime -&gt; 0, maxConnectionAge -&gt; 21600, maxIdleTime -&gt; 600, maxIdleTimeExcessConnections -&gt; 20, maxPoolSize -&gt; 15, maxStatements -&gt; 0, maxStatementsPerConnection -&gt; 0, minPoolSize -&gt; 3, nestedDataSource -&gt; com.mchange.v2.c3p0.DriverManagerDataSource@4ec13c8 [ description -&gt; null, driverClass -&gt; null, factoryClassLocation -&gt; null, identityToken -&gt; 1hgeby9a9t2bq3peutbs3|6d367020, jdbcUrl -&gt; jdbc:mysql://localhost:3306/testmaker, properties -&gt; {user=******} ], preferredTestQuery -&gt; null, propertyCycle -&gt; 0, statementCacheNumDeferredCloseThreads -&gt; 0, testConnectionOnCheckin -&gt; false, testConnectionOnCheckout -&gt; true, unreturnedConnectionTimeout -&gt; 0, usesTraditionalReflectiveProxies -&gt; false; userOverrides: {} ], dataSourceName -&gt; null, factoryClassLocation -&gt; null, identityToken -&gt; 1hgeby9a9t2bq3peutbs3|4ba89729, numHelperThreads -&gt; 3 ]
</system-err>
  </testcase>
</testsuite>