<?xml version="1.0" encoding="UTF-8" ?>
<testsuite tests="1" failures="0" name="cn.cstqb.exam.testmaker.dao.QuestionImageDaoTest" time="0" errors="1" skipped="0">
  <properties>
[...]
</properties>
  <testcase classname="cn.cstqb.exam.testmaker.dao.QuestionImageDaoTest" name="cn.cstqb.exam.testmaker.dao.QuestionImageDaoTest" time="0">
    <error message="Persistence service was already initialized." type="java.lang.IllegalStateException">java.lang.IllegalStateException: Persistence service was already initialized.
	at com.google.common.base.Preconditions.checkState(Preconditions.java:173)
	at com.google.inject.persist.jpa.JpaPersistService.start(JpaPersistService.java:104)
	at cn.cstqb.exam.testmaker.junit.rules.AbstractJpaRule.before(AbstractJpaRule.java:41)
	at org.junit.rules.ExternalResource$1.evaluate(ExternalResource.java:46)
	at org.junit.rules.RunRules.evaluate(RunRules.java:20)
	at org.junit.runners.ParentRunner.run(ParentRunner.java:363)
	at org.apache.maven.surefire.junit4.JUnit4Provider.execute(JUnit4Provider.java:252)
	at org.apache.maven.surefire.junit4.JUnit4Provider.executeTestSet(JUnit4Provider.java:141)
	at org.apache.maven.surefire.junit4.JUnit4Provider.invoke(JUnit4Provider.java:112)
	at java.base/jdk.internal.reflect.NativeMethodAccessorImpl.invoke0(Native Method)
	at java.base/jdk.internal.reflect.NativeMethodAccessorImpl.invoke(NativeMethodAccessorImpl.java:62)
	at java.base/jdk.internal.reflect.DelegatingMethodAccessorImpl.invoke(DelegatingMethodAccessorImpl.java:43)
	at java.base/java.lang.reflect.Method.invoke(Method.java:567)
	at org.apache.maven.surefire.util.ReflectionUtils.invokeMethodWithArray(ReflectionUtils.java:189)
	at org.apache.maven.surefire.booter.ProviderFactory$ProviderProxy.invoke(ProviderFactory.java:165)
	at org.apache.maven.surefire.booter.ProviderFactory.invokeProvider(ProviderFactory.java:85)
	at org.apache.maven.surefire.booter.ForkedBooter.runSuitesInProcess(ForkedBooter.java:115)
	at org.apache.maven.surefire.booter.ForkedBooter.main(ForkedBooter.java:75)
</error>
    <system-out>18:19:20.185 [main] DEBUG c.c.e.t.configuration.AppInjector - Getting existing cn.cstqb.exam.testmaker.configuration.AppInjector instance. UUID=[63ea8226-f84b-4e7e-938d-426ccee5590d]...
</system-out>
  </testcase>
</testsuite>